[?1049h[?1000h[?1003h[?1015h[?1006h[?25l[?1004h[>1u[?2026$p[?2048$p[?2004h[?7l[?1000h[?1003h[?1015h[?1006h[1;1H[48;2;36;47;56m [0m[38;2;224;224;224;48;2;36;47;56m⭘[0m[38;2;224;224;224;48;2;36;47;56m     [0m[48;2;36;47;56m [0m[38;2;224;224;224;48;2;36;47;56m                                                       [0m[38;2;224;224;224;48;2;36;47;56mLowTideApp[0m[38;2;224;224;224;48;2;36;47;56m                                                       [0m[48;2;36;47;56m [0m[48;2;36;47;56m        [0m[48;2;36;47;56m [0m
[2;1H[48;2;18;18;18m                                       [0m[38;2;0;255;0;48;2;18;18;18m╭[0m[38;2;0;255;0;48;2;18;18;18m──────────────────────────────────────────────────────────[0m[38;2;0;255;0;48;2;18;18;18m╮[0m[48;2;18;18;18m                                       [0m
[3;1H[48;2;18;18;18m                                       [0m[38;2;0;255;0;48;2;18;18;18m│[0m[48;2;18;18;18m                                                          [0m[38;2;0;255;0;48;2;18;18;18m│[0m[48;2;18;18;18m                                       [0m
[4;1H[48;2;18;18;18m                                       [0m[38;2;0;255;0;48;2;18;18;18m│[0m[48;2;18;18;18m  [0m[38;2;224;224;224;48;2;18;18;18mlow-tide — TIDAL in your terminal[0m[48;2;18;18;18m                     [0m[48;2;18;18;18m  [0m[38;2;0;255;0;48;2;18;18;18m│[0m[48;2;18;18;18m                                       [0m
[5;1H[48;2;18;18;18m                                       [0m[38;2;0;255;0;48;2;18;18;18m│[0m[48;2;18;18;18m  [0m[38;2;224;224;224;48;2;18;18;18mNot logged in: AttributeError("'LoggedInUser' object h[0m[48;2;18;18;18m  [0m[38;2;0;255;0;48;2;18;18;18m│[0m[48;2;18;18;18m                                       [0m
[6;1H[48;2;18;18;18m                                       [0m[38;2;0;255;0;48;2;18;18;18m│[0m[48;2;18;18;18m  [0m[48;2;18;18;18m                                                      [0m[48;2;18;18;18m  [0m[38;2;0;255;0;48;2;18;18;18m│[0m[48;2;18;18;18m                                       [0m
[7;1H[48;2;18;18;18m                                       [0m[38;2;0;255;0;48;2;18;18;18m│[0m[48;2;18;18;18m  [0m[38;2;45;45;45;48;2;39;39;39m▔▔▔▔▔▔▔▔▔▔▔▔▔▔▔▔[0m[48;2;18;18;18m                                      [0m[48;2;18;18;18m  [0m[38;2;0;255;0;48;2;18;18;18m│[0m[48;2;18;18;18m                                       [0m
[8;1H[48;2;18;18;18m                                       [0m[38;2;0;255;0;48;2;18;18;18m│[0m[48;2;18;18;18m  [0m[48;2;39;39;39m [0m[1;7;38;2;224;224;224;48;2;39;39;39m Refresh user [0m[48;2;39;39;39m [0m[48;2;18;18;18m                                      [0m[48;2;18;18;18m  [0m[38;2;0;255;0;48;2;18;18;18m│[0m[48;2;18;18;18m                                       [0m
[9;1H[48;2;18;18;18m                                       [0m[38;2;0;255;0;48;2;18;18;18m│[0m[48;2;18;18;18m  [0m[38;2;13;13;13;48;2;39;39;39m▁▁▁▁▁▁▁▁▁▁▁▁▁▁▁▁[0m[48;2;18;18;18m                                      [0m[48;2;18;18;18m  [0m[38;2;0;255;0;48;2;18;18;18m│[0m[48;2;18;18;18m                                       [0m
[10;1H[48;2;18;18;18m                                       [0m[38;2;0;255;0;48;2;18;18;18m│[0m[48;2;18;18;18m  [0m[48;2;18;18;18m                                                      [0m[48;2;18;18;18m  [0m[38;2;0;255;0;48;2;18;18;18m│[0m[48;2;18;18;18m                                       [0m
[11;1H[48;2;18;18;18m                                       [0m[38;2;0;255;0;48;2;18;18;18m│[0m[48;2;18;18;18m  [0m[48;2;18;18;18m                                                      [0m[48;2;18;18;18m  [0m[38;2;0;255;0;48;2;18;18;18m│[0m[48;2;18;18;18m                                       [0m
[12;1H[48;2;18;18;18m                                       [0m[38;2;0;255;0;48;2;18;18;18m│[0m[48;2;18;18;18m  [0m[48;2;18;18;18m                                                      [0m[48;2;18;18;18m  [0m[38;2;0;255;0;48;2;18;18;18m│[0m[48;2;18;18;18m                                       [0m
[13;1H[48;2;18;18;18m                                       [0m[38;2;0;255;0;48;2;18;18;18m│[0m[48;2;18;18;18m  [0m[48;2;18;18;18m                                                      [0m[48;2;18;18;18m  [0m[38;2;0;255;0;48;2;18;18;18m│[0m[48;2;18;18;18m                                       [0m
[14;1H[48;2;18;18;18m                                       [0m[38;2;0;255;0;48;2;18;18;18m│[0m[48;2;18;18;18m  [0m[48;2;18;18;18m                                                      [0m[48;2;18;18;18m  [0m[38;2;0;255;0;48;2;18;18;18m│[0m[48;2;18;18;18m                                       [0m
[15;1H[48;2;18;18;18m                                       [0m[38;2;0;255;0;48;2;18;18;18m│[0m[48;2;18;18;18m  [0m[48;2;18;18;18m                                                      [0m[48;2;18;18;18m  [0m[38;2;0;255;0;48;2;18;18;18m│[0m[48;2;18;18;18m                                       [0m
[16;1H[48;2;18;18;18m                                       [0m[38;2;0;255;0;48;2;18;18;18m│[0m[48;2;18;18;18m  [0m[48;2;18;18;18m                                                      [0m[48;2;18;18;18m  [0m[38;2;0;255;0;48;2;18;18;18m│[0m[48;2;18;18;18m                                       [0m
[17;1H[48;2;18;18;18m                                       [0m[38;2;0;255;0;48;2;18;18;18m│[0m[48;2;18;18;18m  [0m[48;2;18;18;18m                                                      [0m[48;2;18;18;18m  [0m[38;2;0;255;0;48;2;18;18;18m│[0m[48;2;18;18;18m                                       [0m
[18;1H[48;2;18;18;18m                                       [0m[38;2;0;255;0;48;2;18;18;18m│[0m[48;2;18;18;18m  [0m[48;2;18;18;18m                                                      [0m[48;2;18;18;18m  [0m[38;2;0;255;0;48;2;18;18;18m│[0m[48;2;18;18;18m                                       [0m
[19;1H[48;2;18;18;18m                                       [0m[38;2;0;255;0;48;2;18;18;18m│[0m[48;2;18;18;18m  [0m[48;2;18;18;18m                                                      [0m[48;2;18;18;18m  [0m[38;2;0;255;0;48;2;18;18;18m│[0m[48;2;18;18;18m                                       [0m
[20;1H[48;2;18;18;18m                                       [0m[38;2;0;255;0;48;2;18;18;18m│[0m[48;2;18;18;18m  [0m[48;2;18;18;18m                                                      [0m[48;2;18;18;18m  [0m[38;2;0;255;0;48;2;18;18;18m│[0m[48;2;18;18;18m                                       [0m
[21;1H[48;2;18;18;18m                                       [0m[38;2;0;255;0;48;2;18;18;18m│[0m[48;2;18;18;18m  [0m[48;2;18;18;18m                                                      [0m[48;2;18;18;18m  [0m[38;2;0;255;0;48;2;18;18;18m│[0m[48;2;18;18;18m                                       [0m
[22;1H[48;2;18;18;18m                                       [0m[38;2;0;255;0;48;2;18;18;18m│[0m[48;2;18;18;18m  [0m[48;2;18;18;18m                                                      [0m[48;2;18;18;18m  [0m[38;2;0;255;0;48;2;18;18;18m│[0m[48;2;18;18;18m                                       [0m
[23;1H[48;2;18;18;18m                                       [0m[38;2;0;255;0;48;2;18;18;18m│[0m[48;2;18;18;18m  [0m[48;2;18;18;18m                                                      [0m[48;2;18;18;18m  [0m[38;2;0;255;0;48;2;18;18;18m│[0m[48;2;18;18;18m                                       [0m
[24;1H[48;2;18;18;18m                                       [0m[38;2;0;255;0;48;2;18;18;18m│[0m[48;2;18;18;18m  [0m[48;2;18;18;18m                                                      [0m[48;2;18;18;18m  [0m[38;2;0;255;0;48;2;18;18;18m│[0m[48;2;18;18;18m                                       [0m
[25;1H[48;2;18;18;18m                                       [0m[38;2;0;255;0;48;2;18;18;18m│[0m[48;2;18;18;18m  [0m[48;2;18;18;18m                                                      [0m[48;2;18;18;18m  [0m[38;2;0;255;0;48;2;18;18;18m│[0m[48;2;18;18;18m                                       [0m
[26;1H[48;2;18;18;18m                                       [0m[38;2;0;255;0;48;2;18;18;18m│[0m[48;2;18;18;18m  [0m[48;2;18;18;18m                                                      [0m[48;2;18;18;18m  [0m[38;2;0;255;0;48;2;18;18;18m│[0m[48;2;18;18;18m                                       [0m
[27;1H[48;2;18;18;18m                                       [0m[38;2;0;255;0;48;2;18;18;18m│[0m[48;2;18;18;18m  [0m[48;2;18;18;18m                                                      [0m[48;2;18;18;18m  [0m[38;2;0;255;0;48;2;18;18;18m│[0m[48;2;18;18;18m                                       [0m
[28;1H[48;2;18;18;18m                                       [0m[38;2;0;255;0;48;2;18;18;18m│[0m[48;2;18;18;18m  [0m[48;2;18;18;18m                                                      [0m[48;2;18;18;18m  [0m[38;2;0;255;0;48;2;18;18;18m│[0m[48;2;18;18;18m                                       [0m
[29;1H[48;2;18;18;18m                                       [0m[38;2;0;255;0;48;2;18;18;18m│[0m[48;2;18;18;18m  [0m[48;2;18;18;18m                                                      [0m[48;2;18;18;18m  [0m[38;2;0;255;0;48;2;18;18;18m│[0m[48;2;18;18;18m                                       [0m
[30;1H[48;2;18;18;18m                                       [0m[38;2;0;255;0;48;2;18;18;18m│[0m[48;2;18;18;18m  [0m[48;2;18;18;18m                                                      [0m[48;2;18;18;18m  [0m[38;2;0;255;0;48;2;18;18;18m│[0m[48;2;18;18;18m                                       [0m
[31;1H[48;2;18;18;18m                                       [0m[38;2;0;255;0;48;2;18;18;18m│[0m[48;2;18;18;18m  [0m[48;2;18;18;18m                                                      [0m[48;2;18;18;18m  [0m[38;2;0;255;0;48;2;18;18;18m│[0m[48;2;18;18;18m                                       [0m
[32;1H[48;2;18;18;18m                                       [0m[38;2;0;255;0;48;2;18;18;18m│[0m[48;2;18;18;18m  [0m[48;2;18;18;18m                                                      [0m[48;2;18;18;18m  [0m[38;2;0;255;0;48;2;18;18;18m│[0m[48;2;18;18;18m                                       [0m
[33;1H[48;2;18;18;18m                                       [0m[38;2;0;255;0;48;2;18;18;18m│[0m[48;2;18;18;18m  [0m[48;2;18;18;18m                                                      [0m[48;2;18;18;18m  [0m[38;2;0;255;0;48;2;18;18;18m│[0m[48;2;18;18;18m                                       [0m
[34;1H[48;2;18;18;18m                                       [0m[38;2;0;255;0;48;2;18;18;18m│[0m[48;2;18;18;18m  [0m[48;2;18;18;18m                                                      [0m[48;2;18;18;18m  [0m[38;2;0;255;0;48;2;18;18;18m│[0m[48;2;18;18;18m                                       [0m
[35;1H[48;2;18;18;18m                                       [0m[38;2;0;255;0;48;2;18;18;18m│[0m[48;2;18;18;18m  [0m[48;2;18;18;18m                                                      [0m[48;2;18;18;18m  [0m[38;2;0;255;0;48;2;18;18;18m│[0m[48;2;18;18;18m                                       [0m
[36;1H[48;2;18;18;18m                                       [0m[38;2;0;255;0;48;2;18;18;18m│[0m[48;2;18;18;18m  [0m[48;2;18;18;18m                                                      [0m[48;2;18;18;18m  [0m[38;2;0;255;0;48;2;18;18;18m│[0m[48;2;18;18;18m                                       [0m
[37;1H[48;2;18;18;18m                                       [0m[38;2;0;255;0;48;2;18;18;18m│[0m[48;2;18;18;18m  [0m[48;2;18;18;18m                                                      [0m[48;2;18;18;18m  [0m[38;2;0;255;0;48;2;18;18;18m│[0m[48;2;18;18;18m                                       [0m
[38;1H[48;2;18;18;18m                                       [0m[38;2;0;255;0;48;2;18;18;18m│[0m[48;2;18;18;18m  [0m[48;2;18;18;18m                                                      [0m[48;2;18;18;18m  [0m[38;2;0;255;0;48;2;18;18;18m│[0m[48;2;18;18;18m                                       [0m
[39;1H[48;2;18;18;18m                                       [0m[38;2;0;255;0;48;2;18;18;18m│[0m[48;2;18;18;18m  [0m[48;2;18;18;18m                                                      [0m[48;2;18;18;18m  [0m[38;2;0;255;0;48;2;18;18;18m│[0m[48;2;18;18;18m                                       [0m
[40;1H[48;2;18;18;18m                                       [0m[38;2;0;255;0;48;2;18;18;18m│[0m[48;2;18;18;18m  [0m[48;2;18;18;18m                                                      [0m[48;2;18;18;18m  [0m[38;2;0;255;0;48;2;18;18;18m│[0m[48;2;18;18;18m                                       [0m
[41;1H[48;2;18;18;18m                                       [0m[38;2;0;255;0;48;2;18;18;18m│[0m[48;2;18;18;18m  [0m[48;2;18;18;18m                                                      [0m[48;2;18;18;18m  [0m[38;2;0;255;0;48;2;18;18;18m│[0m[48;2;18;18;18m                                       [0m
[42;1H[48;2;18;18;18m                                       [0m[38;2;0;255;0;48;2;18;18;18m│[0m[48;2;18;18;18m  [0m[48;2;18;18;18m                                                      [0m[48;2;18;18;18m  [0m[38;2;0;255;0;48;2;18;18;18m│[0m[48;2;18;18;18m                                       [0m
[43;1H[48;2;18;18;18m                                       [0m[38;2;0;255;0;48;2;18;18;18m│[0m[48;2;18;18;18m  [0m[48;2;18;18;18m                                                      [0m[48;2;18;18;18m  [0m[38;2;0;255;0;48;2;18;18;18m│[0m[48;2;18;18;18m                                       [0m
[44;1H[48;2;18;18;18m                                       [0m[38;2;0;255;0;48;2;18;18;18m│[0m[48;2;18;18;18m  [0m[48;2;18;18;18m                                                      [0m[48;2;18;18;18m  [0m[38;2;0;255;0;48;2;18;18;18m│[0m[48;2;18;18;18m                                       [0m
[45;1H[48;2;18;18;18m                                       [0m[38;2;0;255;0;48;2;18;18;18m│[0m[48;2;18;18;18m  [0m[48;2;18;18;18m                                                      [0m[48;2;18;18;18m  [0m[38;2;0;255;0;48;2;18;18;18m│[0m[48;2;18;18;18m                                       [0m
[46;1H[48;2;18;18;18m                                       [0m[38;2;0;255;0;48;2;18;18;18m│[0m[48;2;18;18;18m  [0m[48;2;18;18;18m                                                      [0m[48;2;18;18;18m  [0m[38;2;0;255;0;48;2;18;18;18m│[0m[48;2;18;18;18m                                       [0m
[47;1H[48;2;18;18;18m                                       [0m[38;2;0;255;0;48;2;18;18;18m│[0m[48;2;18;18;18m  [0m[48;2;18;18;18m                                                      [0m[48;2;18;18;18m  [0m[38;2;0;255;0;48;2;18;18;18m│[0m[48;2;18;18;18m                                       [0m
[48;1H[48;2;18;18;18m                                       [0m[38;2;0;255;0;48;2;18;18;18m│[0m[48;2;18;18;18m  [0m[48;2;18;18;18m                                                      [0m[48;2;18;18;18m  [0m[38;2;0;255;0;48;2;18;18;18m│[0m[48;2;18;18;18m                                       [0m
[49;1H[48;2;18;18;18m                                       [0m[38;2;0;255;0;48;2;18;18;18m│[0m[48;2;18;18;18m  [0m[48;2;18;18;18m                                                      [0m[48;2;18;18;18m  [0m[38;2;0;255;0;48;2;18;18;18m│[0m[48;2;18;18;18m                                       [0m
[50;1H[48;2;18;18;18m                                       [0m[38;2;0;255;0;48;2;18;18;18m│[0m[48;2;18;18;18m  [0m[48;2;18;18;18m                                                      [0m[48;2;18;18;18m  [0m[38;2;0;255;0;48;2;18;18;18m│[0m[48;2;18;18;18m                                       [0m
[51;1H[48;2;18;18;18m                                       [0m[38;2;0;255;0;48;2;18;18;18m│[0m[48;2;18;18;18m  [0m[48;2;18;18;18m                                                      [0m[48;2;18;18;18m  [0m[38;2;0;255;0;48;2;18;18;18m│[0m[48;2;18;18;18m                                       [0m
[52;1H[48;2;18;18;18m                                       [0m[38;2;0;255;0;48;2;18;18;18m│[0m[48;2;18;18;18m  [0m[48;2;18;18;18m                                                      [0m[48;2;18;18;18m  [0m[38;2;0;255;0;48;2;18;18;18m│[0m[48;2;18;18;18m                                       [0m
[53;1H[48;2;18;18;18m                                       [0m[38;2;0;255;0;48;2;18;18;18m│[0m[48;2;18;18;18m  [0m[48;2;18;18;18m                                                      [0m[48;2;18;18;18m  [0m[38;2;0;255;0;48;2;18;18;18m│[0m[48;2;18;18;18m                                       [0m
[54;1H[48;2;18;18;18m                                       [0m[38;2;0;255;0;48;2;18;18;18m│[0m[48;2;18;18;18m  [0m[48;2;18;18;18m                                                      [0m[48;2;18;18;18m  [0m[38;2;0;255;0;48;2;18;18;18m│[0m[48;2;18;18;18m                                       [0m
[55;1H[48;2;18;18;18m                                       [0m[38;2;0;255;0;48;2;18;18;18m│[0m[48;2;18;18;18m  [0m[48;2;18;18;18m                                                      [0m[48;2;18;18;18m  [0m[38;2;0;255;0;48;2;18;18;18m│[0m[48;2;18;18;18m                                       [0m
[56;1H[48;2;18;18;18m                                       [0m[38;2;0;255;0;48;2;18;18;18m│[0m[48;2;18;18;18m  [0m[48;2;18;18;18m                                                      [0m[48;2;18;18;18m  [0m[38;2;0;255;0;48;2;18;18;18m│[0m[48;2;18;18;18m                                       [0m
[57;1H[48;2;18;18;18m                                       [0m[38;2;0;255;0;48;2;18;18;18m│[0m[48;2;18;18;18m  [0m[48;2;18;18;18m                                                      [0m[48;2;18;18;18m  [0m[38;2;0;255;0;48;2;18;18;18m│[0m[48;2;18;18;18m                                       [0m
[58;1H[48;2;18;18;18m                                       [0m[38;2;0;255;0;48;2;18;18;18m│[0m[48;2;18;18;18m  [0m[48;2;18;18;18m                                                      [0m[48;2;18;18;18m  [0m[38;2;0;255;0;48;2;18;18;18m│[0m[48;2;18;18;18m                                       [0m
[59;1H[48;2;18;18;18m                                       [0m[38;2;0;255;0;48;2;18;18;18m│[0m[48;2;18;18;18m  [0m[48;2;18;18;18m                                                      [0m[48;2;18;18;18m  [0m[38;2;0;255;0;48;2;18;18;18m│[0m[48;2;18;18;18m                                       [0m
[60;1H[48;2;18;18;18m                                       [0m[38;2;0;255;0;48;2;18;18;18m│[0m[48;2;18;18;18m  [0m[48;2;18;18;18m                                                      [0m[48;2;18;18;18m  [0m[38;2;0;255;0;48;2;18;18;18m│[0m[48;2;18;18;18m                                       [0m
[61;1H[48;2;18;18;18m                                       [0m[38;2;0;255;0;48;2;18;18;18m│[0m[48;2;18;18;18m  [0m[48;2;18;18;18m                                                      [0m[48;2;18;18;18m  [0m[38;2;0;255;0;48;2;18;18;18m│[0m[48;2;18;18;18m                                       [0m
[62;1H[48;2;18;18;18m                                       [0m[38;2;0;255;0;48;2;18;18;18m│[0m[48;2;18;18;18m  [0m[48;2;18;18;18m                                                      [0m[48;2;18;18;18m  [0m[38;2;0;255;0;48;2;18;18;18m│[0m[48;2;18;18;18m                                       [0m
[63;1H[48;2;18;18;18m                                       [0m[38;2;0;255;0;48;2;18;18;18m│[0m[48;2;18;18;18m  [0m[48;2;18;18;18m                                                      [0m[48;2;18;18;18m  [0m[38;2;0;255;0;48;2;18;18;18m│[0m[48;2;18;18;18m                                       [0m
[64;1H[48;2;18;18;18m                                       [0m[38;2;0;255;0;48;2;18;18;18m│[0m[48;2;18;18;18m  [0m[48;2;18;18;18m                                                      [0m[48;2;18;18;18m  [0m[38;2;0;255;0;48;2;18;18;18m│[0m[48;2;18;18;18m                                       [0m
[65;1H[48;2;18;18;18m                                       [0m[38;2;0;255;0;48;2;18;18;18m│[0m[48;2;18;18;18m  [0m[48;2;18;18;18m                                                      [0m[48;2;18;18;18m  [0m[38;2;0;255;0;48;2;18;18;18m│[0m[48;2;18;18;18m                                       [0m
[66;1H[48;2;18;18;18m                                       [0m[38;2;0;255;0;48;2;18;18;18m│[0m[48;2;18;18;18m  [0m[48;2;18;18;18m                                                      [0m[48;2;18;18;18m  [0m[38;2;0;255;0;48;2;18;18;18m│[0m[48;2;18;18;18m                                       [0m
[67;1H[48;2;18;18;18m                                       [0m[38;2;0;255;0;48;2;18;18;18m│[0m[48;2;18;18;18m  [0m[48;2;18;18;18m                                                      [0m[48;2;18;18;18m  [0m[38;2;0;255;0;48;2;18;18;18m│[0m[48;2;18;18;18m                                       [0m
[68;1H[48;2;18;18;18m                                       [0m[38;2;0;255;0;48;2;18;18;18m│[0m[48;2;18;18;18m  [0m[48;2;18;18;18m                                                      [0m[48;2;18;18;18m  [0m[38;2;0;255;0;48;2;18;18;18m│[0m[48;2;18;18;18m                                       [0m
[69;1H[48;2;18;18;18m                                       [0m[38;2;0;255;0;48;2;18;18;18m│[0m[48;2;18;18;18m  [0m[48;2;18;18;18m                                                      [0m[48;2;18;18;18m  [0m[38;2;0;255;0;48;2;18;18;18m│[0m[48;2;18;18;18m                                       [0m
[70;1H[48;2;18;18;18m                                       [0m[38;2;0;255;0;48;2;18;18;18m│[0m[48;2;18;18;18m  [0m[48;2;18;18;18m                                                      [0m[48;2;18;18;18m  [0m[38;2;0;255;0;48;2;18;18;18m│[0m[48;2;18;18;18m                                       [0m
[71;1H[48;2;18;18;18m                                       [0m[38;2;0;255;0;48;2;18;18;18m│[0m[48;2;18;18;18m                                                          [0m[38;2;0;255;0;48;2;18;18;18m│[0m[48;2;18;18;18m                                       [0m
[72;1H[48;2;18;18;18m                                       [0m[38;2;0;255;0;48;2;18;18;18m╰[0m[38;2;0;255;0;48;2;18;18;18m──────────────────────────────────────────────────────────[0m[38;2;0;255;0;48;2;18;18;18m╯[0m[48;2;18;18;18m                                       [0m
[73;1H[1;38;2;255;166;43;48;2;36;47;56m q [0m[38;2;224;224;224;48;2;36;47;56mQuit [0m[48;2;36;47;56m                                                                                                                      [0m[38;2;73;82;89;48;2;36;47;56m▏[0m[1;38;2;255;166;43;48;2;36;47;56m^p[0m[38;2;224;224;224;48;2;36;47;56m palette[0m[48;2;36;47;56m [0m[1;1H[1;1H[48;2;36;47;56m [0m[38;2;224;224;224;48;2;36;47;56m⭘[0m[38;2;224;224;224;48;2;36;47;56m     [0m[48;2;36;47;56m [0m[1;9H[38;2;224;224;224;48;2;36;47;56m                                                       [0m[38;2;224;224;224;48;2;36;47;56mLowTideApp[0m[38;2;224;224;224;48;2;36;47;56m                                                       [0m[1;129H[48;2;36;47;56m [0m[48;2;36;47;56m        [0m[48;2;36;47;56m [0m
[2;40H[38;2;0;255;0;48;2;18;18;18m╭[0m[38;2;0;255;0;48;2;18;18;18m──────────────────────────────────────────────────────────[0m[38;2;0;255;0;48;2;18;18;18m╮[0m[2;100H
[3;40H[38;2;0;255;0;48;2;18;18;18m│[0m[48;2;18;18;18m                                                          [0m[38;2;0;255;0;48;2;18;18;18m│[0m[3;100H
[4;40H[38;2;0;255;0;48;2;18;18;18m│[0m[48;2;18;18;18m  [0m[4;43H[38;2;224;224;224;48;2;18;18;18mlow-tide — TIDAL in your terminal[0m[4;76H[48;2;18;18;18m                     [0m[48;2;18;18;18m  [0m[38;2;0;255;0;48;2;18;18;18m│[0m[4;100H
[5;40H[38;2;0;255;0;48;2;18;18;18m│[0m[48;2;18;18;18m  [0m[5;43H[38;2;224;224;224;48;2;18;18;18mNot logged in: AttributeError("'LoggedInUser' object h[0m[5;97H[48;2;18;18;18m  [0m[38;2;0;255;0;48;2;18;18;18m│[0m[5;100H
[6;40H[38;2;0;255;0;48;2;18;18;18m│[0m[48;2;18;18;18m  [0m[48;2;18;18;18m                                                      [0m[48;2;18;18;18m  [0m[38;2;0;255;0;48;2;18;18;18m│[0m[6;100H
[7;40H[38;2;0;255;0;48;2;18;18;18m│[0m[48;2;18;18;18m  [0m[7;43H[38;2;45;45;45;48;2;39;39;39m▔▔▔▔▔▔▔▔▔▔▔▔▔▔▔▔[0m[7;59H[48;2;18;18;18m                                      [0m[48;2;18;18;18m  [0m[38;2;0;255;0;48;2;18;18;18m│[0m[7;100H
[8;40H[38;2;0;255;0;48;2;18;18;18m│[0m[48;2;18;18;18m  [0m[8;43H[48;2;39;39;39m [0m[1;7;38;2;224;224;224;48;2;39;39;39m Refresh user [0m[48;2;39;39;39m [0m[8;59H[48;2;18;18;18m                                      [0m[48;2;18;18;18m  [0m[38;2;0;255;0;48;2;18;18;18m│[0m[8;100H
[9;40H[38;2;0;255;0;48;2;18;18;18m│[0m[48;2;18;18;18m  [0m[9;43H[38;2;13;13;13;48;2;39;39;39m▁▁▁▁▁▁▁▁▁▁▁▁▁▁▁▁[0m[9;59H[48;2;18;18;18m                                      [0m[48;2;18;18;18m  [0m[38;2;0;255;0;48;2;18;18;18m│[0m[9;100H
[10;40H[38;2;0;255;0;48;2;18;18;18m│[0m[48;2;18;18;18m  [0m[48;2;18;18;18m                                                      [0m[48;2;18;18;18m  [0m[38;2;0;255;0;48;2;18;18;18m│[0m[10;100H
[11;40H[38;2;0;255;0;48;2;18;18;18m│[0m[48;2;18;18;18m  [0m[48;2;18;18;18m                                                      [0m[48;2;18;18;18m  [0m[38;2;0;255;0;48;2;18;18;18m│[0m[11;100H
[12;40H[38;2;0;255;0;48;2;18;18;18m│[0m[48;2;18;18;18m  [0m[48;2;18;18;18m                                                      [0m[48;2;18;18;18m  [0m[38;2;0;255;0;48;2;18;18;18m│[0m[12;100H
[13;40H[38;2;0;255;0;48;2;18;18;18m│[0m[48;2;18;18;18m  [0m[48;2;18;18;18m                                                      [0m[48;2;18;18;18m  [0m[38;2;0;255;0;48;2;18;18;18m│[0m[13;100H
[14;40H[38;2;0;255;0;48;2;18;18;18m│[0m[48;2;18;18;18m  [0m[48;2;18;18;18m                                                      [0m[48;2;18;18;18m  [0m[38;2;0;255;0;48;2;18;18;18m│[0m[14;100H
[15;40H[38;2;0;255;0;48;2;18;18;18m│[0m[48;2;18;18;18m  [0m[48;2;18;18;18m                                                      [0m[48;2;18;18;18m  [0m[38;2;0;255;0;48;2;18;18;18m│[0m[15;100H
[16;40H[38;2;0;255;0;48;2;18;18;18m│[0m[48;2;18;18;18m  [0m[48;2;18;18;18m                                                      [0m[48;2;18;18;18m  [0m[38;2;0;255;0;48;2;18;18;18m│[0m[16;100H
[17;40H[38;2;0;255;0;48;2;18;18;18m│[0m[48;2;18;18;18m  [0m[48;2;18;18;18m                                                      [0m[48;2;18;18;18m  [0m[38;2;0;255;0;48;2;18;18;18m│[0m[17;100H
[18;40H[38;2;0;255;0;48;2;18;18;18m│[0m[48;2;18;18;18m  [0m[48;2;18;18;18m                                                      [0m[48;2;18;18;18m  [0m[38;2;0;255;0;48;2;18;18;18m│[0m[18;100H
[19;40H[38;2;0;255;0;48;2;18;18;18m│[0m[48;2;18;18;18m  [0m[48;2;18;18;18m                                                      [0m[48;2;18;18;18m  [0m[38;2;0;255;0;48;2;18;18;18m│[0m[19;100H
[20;40H[38;2;0;255;0;48;2;18;18;18m│[0m[48;2;18;18;18m  [0m[48;2;18;18;18m                                                      [0m[48;2;18;18;18m  [0m[38;2;0;255;0;48;2;18;18;18m│[0m[20;100H
[21;40H[38;2;0;255;0;48;2;18;18;18m│[0m[48;2;18;18;18m  [0m[48;2;18;18;18m                                                      [0m[48;2;18;18;18m  [0m[38;2;0;255;0;48;2;18;18;18m│[0m[21;100H
[22;40H[38;2;0;255;0;48;2;18;18;18m│[0m[48;2;18;18;18m  [0m[48;2;18;18;18m                                                      [0m[48;2;18;18;18m  [0m[38;2;0;255;0;48;2;18;18;18m│[0m[22;100H
[23;40H[38;2;0;255;0;48;2;18;18;18m│[0m[48;2;18;18;18m  [0m[48;2;18;18;18m                                                      [0m[48;2;18;18;18m  [0m[38;2;0;255;0;48;2;18;18;18m│[0m[23;100H
[24;40H[38;2;0;255;0;48;2;18;18;18m│[0m[48;2;18;18;18m  [0m[48;2;18;18;18m                                                      [0m[48;2;18;18;18m  [0m[38;2;0;255;0;48;2;18;18;18m│[0m[24;100H
[25;40H[38;2;0;255;0;48;2;18;18;18m│[0m[48;2;18;18;18m  [0m[48;2;18;18;18m                                                      [0m[48;2;18;18;18m  [0m[38;2;0;255;0;48;2;18;18;18m│[0m[25;100H
[26;40H[38;2;0;255;0;48;2;18;18;18m│[0m[48;2;18;18;18m  [0m[48;2;18;18;18m                                                      [0m[48;2;18;18;18m  [0m[38;2;0;255;0;48;2;18;18;18m│[0m[26;100H
[27;40H[38;2;0;255;0;48;2;18;18;18m│[0m[48;2;18;18;18m  [0m[48;2;18;18;18m                                                      [0m[48;2;18;18;18m  [0m[38;2;0;255;0;48;2;18;18;18m│[0m[27;100H
[28;40H[38;2;0;255;0;48;2;18;18;18m│[0m[48;2;18;18;18m  [0m[48;2;18;18;18m                                                      [0m[48;2;18;18;18m  [0m[38;2;0;255;0;48;2;18;18;18m│[0m[28;100H
[29;40H[38;2;0;255;0;48;2;18;18;18m│[0m[48;2;18;18;18m  [0m[48;2;18;18;18m                                                      [0m[48;2;18;18;18m  [0m[38;2;0;255;0;48;2;18;18;18m│[0m[29;100H
[30;40H[38;2;0;255;0;48;2;18;18;18m│[0m[48;2;18;18;18m  [0m[48;2;18;18;18m                                                      [0m[48;2;18;18;18m  [0m[38;2;0;255;0;48;2;18;18;18m│[0m[30;100H
[31;40H[38;2;0;255;0;48;2;18;18;18m│[0m[48;2;18;18;18m  [0m[48;2;18;18;18m                                                      [0m[48;2;18;18;18m  [0m[38;2;0;255;0;48;2;18;18;18m│[0m[31;100H
[32;40H[38;2;0;255;0;48;2;18;18;18m│[0m[48;2;18;18;18m  [0m[48;2;18;18;18m                                                      [0m[48;2;18;18;18m  [0m[38;2;0;255;0;48;2;18;18;18m│[0m[32;100H
[33;40H[38;2;0;255;0;48;2;18;18;18m│[0m[48;2;18;18;18m  [0m[48;2;18;18;18m                                                      [0m[48;2;18;18;18m  [0m[38;2;0;255;0;48;2;18;18;18m│[0m[33;100H
[34;40H[38;2;0;255;0;48;2;18;18;18m│[0m[48;2;18;18;18m  [0m[48;2;18;18;18m                                                      [0m[48;2;18;18;18m  [0m[38;2;0;255;0;48;2;18;18;18m│[0m[34;100H
[35;40H[38;2;0;255;0;48;2;18;18;18m│[0m[48;2;18;18;18m  [0m[48;2;18;18;18m                                                      [0m[48;2;18;18;18m  [0m[38;2;0;255;0;48;2;18;18;18m│[0m[35;100H
[36;40H[38;2;0;255;0;48;2;18;18;18m│[0m[48;2;18;18;18m  [0m[48;2;18;18;18m                                                      [0m[48;2;18;18;18m  [0m[38;2;0;255;0;48;2;18;18;18m│[0m[36;100H
[37;40H[38;2;0;255;0;48;2;18;18;18m│[0m[48;2;18;18;18m  [0m[48;2;18;18;18m                                                      [0m[48;2;18;18;18m  [0m[38;2;0;255;0;48;2;18;18;18m│[0m[37;100H
[38;40H[38;2;0;255;0;48;2;18;18;18m│[0m[48;2;18;18;18m  [0m[48;2;18;18;18m                                                      [0m[48;2;18;18;18m  [0m[38;2;0;255;0;48;2;18;18;18m│[0m[38;100H
[39;40H[38;2;0;255;0;48;2;18;18;18m│[0m[48;2;18;18;18m  [0m[48;2;18;18;18m                                                      [0m[48;2;18;18;18m  [0m[38;2;0;255;0;48;2;18;18;18m│[0m[39;100H
[40;40H[38;2;0;255;0;48;2;18;18;18m│[0m[48;2;18;18;18m  [0m[48;2;18;18;18m                                                      [0m[48;2;18;18;18m  [0m[38;2;0;255;0;48;2;18;18;18m│[0m[40;100H
[41;40H[38;2;0;255;0;48;2;18;18;18m│[0m[48;2;18;18;18m  [0m[48;2;18;18;18m                                                      [0m[48;2;18;18;18m  [0m[38;2;0;255;0;48;2;18;18;18m│[0m[41;100H
[42;40H[38;2;0;255;0;48;2;18;18;18m│[0m[48;2;18;18;18m  [0m[48;2;18;18;18m                                                      [0m[48;2;18;18;18m  [0m[38;2;0;255;0;48;2;18;18;18m│[0m[42;100H
[43;40H[38;2;0;255;0;48;2;18;18;18m│[0m[48;2;18;18;18m  [0m[48;2;18;18;18m                                                      [0m[48;2;18;18;18m  [0m[38;2;0;255;0;48;2;18;18;18m│[0m[43;100H
[44;40H[38;2;0;255;0;48;2;18;18;18m│[0m[48;2;18;18;18m  [0m[48;2;18;18;18m                                                      [0m[48;2;18;18;18m  [0m[38;2;0;255;0;48;2;18;18;18m│[0m[44;100H
[45;40H[38;2;0;255;0;48;2;18;18;18m│[0m[48;2;18;18;18m  [0m[48;2;18;18;18m                                                      [0m[48;2;18;18;18m  [0m[38;2;0;255;0;48;2;18;18;18m│[0m[45;100H
[46;40H[38;2;0;255;0;48;2;18;18;18m│[0m[48;2;18;18;18m  [0m[48;2;18;18;18m                                                      [0m[48;2;18;18;18m  [0m[38;2;0;255;0;48;2;18;18;18m│[0m[46;100H
[47;40H[38;2;0;255;0;48;2;18;18;18m│[0m[48;2;18;18;18m  [0m[48;2;18;18;18m                                                      [0m[48;2;18;18;18m  [0m[38;2;0;255;0;48;2;18;18;18m│[0m[47;100H
[48;40H[38;2;0;255;0;48;2;18;18;18m│[0m[48;2;18;18;18m  [0m[48;2;18;18;18m                                                      [0m[48;2;18;18;18m  [0m[38;2;0;255;0;48;2;18;18;18m│[0m[48;100H
[49;40H[38;2;0;255;0;48;2;18;18;18m│[0m[48;2;18;18;18m  [0m[48;2;18;18;18m                                                      [0m[48;2;18;18;18m  [0m[38;2;0;255;0;48;2;18;18;18m│[0m[49;100H
[50;40H[38;2;0;255;0;48;2;18;18;18m│[0m[48;2;18;18;18m  [0m[48;2;18;18;18m                                                      [0m[48;2;18;18;18m  [0m[38;2;0;255;0;48;2;18;18;18m│[0m[50;100H
[51;40H[38;2;0;255;0;48;2;18;18;18m│[0m[48;2;18;18;18m  [0m[48;2;18;18;18m                                                      [0m[48;2;18;18;18m  [0m[38;2;0;255;0;48;2;18;18;18m│[0m[51;100H
[52;40H[38;2;0;255;0;48;2;18;18;18m│[0m[48;2;18;18;18m  [0m[48;2;18;18;18m                                                      [0m[48;2;18;18;18m  [0m[38;2;0;255;0;48;2;18;18;18m│[0m[52;100H
[53;40H[38;2;0;255;0;48;2;18;18;18m│[0m[48;2;18;18;18m  [0m[48;2;18;18;18m                                                      [0m[48;2;18;18;18m  [0m[38;2;0;255;0;48;2;18;18;18m│[0m[53;100H
[54;40H[38;2;0;255;0;48;2;18;18;18m│[0m[48;2;18;18;18m  [0m[48;2;18;18;18m                                                      [0m[48;2;18;18;18m  [0m[38;2;0;255;0;48;2;18;18;18m│[0m[54;100H
[55;40H[38;2;0;255;0;48;2;18;18;18m│[0m[48;2;18;18;18m  [0m[48;2;18;18;18m                                                      [0m[48;2;18;18;18m  [0m[38;2;0;255;0;48;2;18;18;18m│[0m[55;100H
[56;40H[38;2;0;255;0;48;2;18;18;18m│[0m[48;2;18;18;18m  [0m[48;2;18;18;18m                                                      [0m[48;2;18;18;18m  [0m[38;2;0;255;0;48;2;18;18;18m│[0m[56;100H
[57;40H[38;2;0;255;0;48;2;18;18;18m│[0m[48;2;18;18;18m  [0m[48;2;18;18;18m                                                      [0m[48;2;18;18;18m  [0m[38;2;0;255;0;48;2;18;18;18m│[0m[57;100H
[58;40H[38;2;0;255;0;48;2;18;18;18m│[0m[48;2;18;18;18m  [0m[48;2;18;18;18m                                                      [0m[48;2;18;18;18m  [0m[38;2;0;255;0;48;2;18;18;18m│[0m[58;100H
[59;40H[38;2;0;255;0;48;2;18;18;18m│[0m[48;2;18;18;18m  [0m[48;2;18;18;18m                                                      [0m[48;2;18;18;18m  [0m[38;2;0;255;0;48;2;18;18;18m│[0m[59;100H
[60;40H[38;2;0;255;0;48;2;18;18;18m│[0m[48;2;18;18;18m  [0m[48;2;18;18;18m                                                      [0m[48;2;18;18;18m  [0m[38;2;0;255;0;48;2;18;18;18m│[0m[60;100H
[61;40H[38;2;0;255;0;48;2;18;18;18m│[0m[48;2;18;18;18m  [0m[48;2;18;18;18m                                                      [0m[48;2;18;18;18m  [0m[38;2;0;255;0;48;2;18;18;18m│[0m[61;100H
[62;40H[38;2;0;255;0;48;2;18;18;18m│[0m[48;2;18;18;18m  [0m[48;2;18;18;18m                                                      [0m[48;2;18;18;18m  [0m[38;2;0;255;0;48;2;18;18;18m│[0m[62;100H
[63;40H[38;2;0;255;0;48;2;18;18;18m│[0m[48;2;18;18;18m  [0m[48;2;18;18;18m                                                      [0m[48;2;18;18;18m  [0m[38;2;0;255;0;48;2;18;18;18m│[0m[63;100H
[64;40H[38;2;0;255;0;48;2;18;18;18m│[0m[48;2;18;18;18m  [0m[48;2;18;18;18m                                                      [0m[48;2;18;18;18m  [0m[38;2;0;255;0;48;2;18;18;18m│[0m[64;100H
[65;40H[38;2;0;255;0;48;2;18;18;18m│[0m[48;2;18;18;18m  [0m[48;2;18;18;18m                                                      [0m[48;2;18;18;18m  [0m[38;2;0;255;0;48;2;18;18;18m│[0m[65;100H
[66;40H[38;2;0;255;0;48;2;18;18;18m│[0m[48;2;18;18;18m  [0m[48;2;18;18;18m                                                      [0m[48;2;18;18;18m  [0m[38;2;0;255;0;48;2;18;18;18m│[0m[66;100H
[67;40H[38;2;0;255;0;48;2;18;18;18m│[0m[48;2;18;18;18m  [0m[48;2;18;18;18m                                                      [0m[48;2;18;18;18m  [0m[38;2;0;255;0;48;2;18;18;18m│[0m[67;100H
[68;40H[38;2;0;255;0;48;2;18;18;18m│[0m[48;2;18;18;18m  [0m[48;2;18;18;18m                                                      [0m[48;2;18;18;18m  [0m[38;2;0;255;0;48;2;18;18;18m│[0m[68;100H
[69;40H[38;2;0;255;0;48;2;18;18;18m│[0m[48;2;18;18;18m  [0m[48;2;18;18;18m                                                      [0m[48;2;18;18;18m  [0m[38;2;0;255;0;48;2;18;18;18m│[0m[69;100H
[70;40H[38;2;0;255;0;48;2;18;18;18m│[0m[48;2;18;18;18m  [0m[48;2;18;18;18m                                                      [0m[48;2;18;18;18m  [0m[38;2;0;255;0;48;2;18;18;18m│[0m[70;100H
[71;40H[38;2;0;255;0;48;2;18;18;18m│[0m[48;2;18;18;18m                                                          [0m[38;2;0;255;0;48;2;18;18;18m│[0m[71;100H
[72;40H[38;2;0;255;0;48;2;18;18;18m╰[0m[38;2;0;255;0;48;2;18;18;18m──────────────────────────────────────────────────────────[0m[38;2;0;255;0;48;2;18;18;18m╯[0m[72;100H
[73;1H[1;38;2;255;166;43;48;2;36;47;56m q [0m[38;2;224;224;224;48;2;36;47;56mQuit [0m[73;9H[48;2;36;47;56m                                                                                                                      [0m[73;127H[38;2;73;82;89;48;2;36;47;56m▏[0m[1;38;2;255;166;43;48;2;36;47;56m^p[0m[38;2;224;224;224;48;2;36;47;56m palette[0m[48;2;36;47;56m [0m[1;1H[1;129H[48;2;36;47;56m [0m[48;2;36;47;56m        [0m[48;2;36;47;56m [0m[1;1H[1;1H[48;2;36;47;56m [0m[38;2;224;224;224;48;2;36;47;56m⭘[0m[38;2;224;224;224;48;2;36;47;56m     [0m[48;2;36;47;56m [0m[38;2;224;224;224;48;2;36;47;56m                                                       [0m[38;2;224;224;224;48;2;36;47;56mLowTideApp[0m[38;2;224;224;224;48;2;36;47;56m                                                       [0m[48;2;36;47;56m [0m[48;2;36;47;56m        [0m[48;2;36;47;56m [0m
[2;1H[48;2;18;18;18m                                       [0m[38;2;0;255;0;48;2;18;18;18m╭[0m[38;2;0;255;0;48;2;18;18;18m──────────────────────────────────────────────────────────[0m[38;2;0;255;0;48;2;18;18;18m╮[0m[48;2;18;18;18m                                       [0m
[3;1H[48;2;18;18;18m                                       [0m[38;2;0;255;0;48;2;18;18;18m│[0m[48;2;18;18;18m                                                          [0m[38;2;0;255;0;48;2;18;18;18m│[0m[48;2;18;18;18m                                       [0m
[4;1H[48;2;18;18;18m                                       [0m[38;2;0;255;0;48;2;18;18;18m│[0m[48;2;18;18;18m  [0m[38;2;224;224;224;48;2;18;18;18mlow-tide — TIDAL in your terminal[0m[48;2;18;18;18m                     [0m[48;2;18;18;18m  [0m[38;2;0;255;0;48;2;18;18;18m│[0m[48;2;18;18;18m                                       [0m
[5;1H[48;2;18;18;18m                                       [0m[38;2;0;255;0;48;2;18;18;18m│[0m[48;2;18;18;18m  [0m[38;2;224;224;224;48;2;18;18;18mNot logged in: AttributeError("'LoggedInUser' object h[0m[48;2;18;18;18m  [0m[38;2;0;255;0;48;2;18;18;18m│[0m[48;2;18;18;18m                                       [0m
[6;1H[48;2;18;18;18m                                       [0m[38;2;0;255;0;48;2;18;18;18m│[0m[48;2;18;18;18m  [0m[48;2;18;18;18m                                                      [0m[48;2;18;18;18m  [0m[38;2;0;255;0;48;2;18;18;18m│[0m[48;2;18;18;18m                                       [0m
[7;1H[48;2;18;18;18m                                       [0m[38;2;0;255;0;48;2;18;18;18m│[0m[48;2;18;18;18m  [0m[38;2;45;45;45;48;2;39;39;39m▔▔▔▔▔▔▔▔▔▔▔▔▔▔▔▔[0m[48;2;18;18;18m                                      [0m[48;2;18;18;18m  [0m[38;2;0;255;0;48;2;18;18;18m│[0m[48;2;18;18;18m                                       [0m
[8;1H[48;2;18;18;18m                                       [0m[38;2;0;255;0;48;2;18;18;18m│[0m[48;2;18;18;18m  [0m[48;2;39;39;39m [0m[1;7;38;2;224;224;224;48;2;39;39;39m Refresh user [0m[48;2;39;39;39m [0m[48;2;18;18;18m                                      [0m[48;2;18;18;18m  [0m[38;2;0;255;0;48;2;18;18;18m│[0m[48;2;18;18;18m                                       [0m
[9;1H[48;2;18;18;18m                                       [0m[38;2;0;255;0;48;2;18;18;18m│[0m[48;2;18;18;18m  [0m[38;2;13;13;13;48;2;39;39;39m▁▁▁▁▁▁▁▁▁▁▁▁▁▁▁▁[0m[48;2;18;18;18m                                      [0m[48;2;18;18;18m  [0m[38;2;0;255;0;48;2;18;18;18m│[0m[48;2;18;18;18m                                       [0m
[10;1H[48;2;18;18;18m                                       [0m[38;2;0;255;0;48;2;18;18;18m│[0m[48;2;18;18;18m  [0m[48;2;18;18;18m                                                      [0m[48;2;18;18;18m  [0m[38;2;0;255;0;48;2;18;18;18m│[0m[48;2;18;18;18m                                       [0m
[11;1H[48;2;18;18;18m                                       [0m[38;2;0;255;0;48;2;18;18;18m│[0m[48;2;18;18;18m  [0m[48;2;18;18;18m                                                      [0m[48;2;18;18;18m  [0m[38;2;0;255;0;48;2;18;18;18m│[0m[48;2;18;18;18m                                       [0m
[12;1H[48;2;18;18;18m                                       [0m[38;2;0;255;0;48;2;18;18;18m│[0m[48;2;18;18;18m  [0m[48;2;18;18;18m                                                      [0m[48;2;18;18;18m  [0m[38;2;0;255;0;48;2;18;18;18m│[0m[48;2;18;18;18m                                       [0m
[13;1H[48;2;18;18;18m                                       [0m[38;2;0;255;0;48;2;18;18;18m│[0m[48;2;18;18;18m  [0m[48;2;18;18;18m                                                      [0m[48;2;18;18;18m  [0m[38;2;0;255;0;48;2;18;18;18m│[0m[48;2;18;18;18m                                       [0m
[14;1H[48;2;18;18;18m                                       [0m[38;2;0;255;0;48;2;18;18;18m│[0m[48;2;18;18;18m  [0m[48;2;18;18;18m                                                      [0m[48;2;18;18;18m  [0m[38;2;0;255;0;48;2;18;18;18m│[0m[48;2;18;18;18m                                       [0m
[15;1H[48;2;18;18;18m                                       [0m[38;2;0;255;0;48;2;18;18;18m│[0m[48;2;18;18;18m  [0m[48;2;18;18;18m                                                      [0m[48;2;18;18;18m  [0m[38;2;0;255;0;48;2;18;18;18m│[0m[48;2;18;18;18m                                       [0m
[16;1H[48;2;18;18;18m                                       [0m[38;2;0;255;0;48;2;18;18;18m│[0m[48;2;18;18;18m  [0m[48;2;18;18;18m                                                      [0m[48;2;18;18;18m  [0m[38;2;0;255;0;48;2;18;18;18m│[0m[48;2;18;18;18m                                       [0m
[17;1H[48;2;18;18;18m                                       [0m[38;2;0;255;0;48;2;18;18;18m│[0m[48;2;18;18;18m  [0m[48;2;18;18;18m                                                      [0m[48;2;18;18;18m  [0m[38;2;0;255;0;48;2;18;18;18m│[0m[48;2;18;18;18m                                       [0m
[18;1H[48;2;18;18;18m                                       [0m[38;2;0;255;0;48;2;18;18;18m│[0m[48;2;18;18;18m  [0m[48;2;18;18;18m                                                      [0m[48;2;18;18;18m  [0m[38;2;0;255;0;48;2;18;18;18m│[0m[48;2;18;18;18m                                       [0m
[19;1H[48;2;18;18;18m                                       [0m[38;2;0;255;0;48;2;18;18;18m│[0m[48;2;18;18;18m  [0m[48;2;18;18;18m                                                      [0m[48;2;18;18;18m  [0m[38;2;0;255;0;48;2;18;18;18m│[0m[48;2;18;18;18m                                       [0m
[20;1H[48;2;18;18;18m                                       [0m[38;2;0;255;0;48;2;18;18;18m│[0m[48;2;18;18;18m  [0m[48;2;18;18;18m                                                      [0m[48;2;18;18;18m  [0m[38;2;0;255;0;48;2;18;18;18m│[0m[48;2;18;18;18m                                       [0m
[21;1H[48;2;18;18;18m                                       [0m[38;2;0;255;0;48;2;18;18;18m│[0m[48;2;18;18;18m  [0m[48;2;18;18;18m                                                      [0m[48;2;18;18;18m  [0m[38;2;0;255;0;48;2;18;18;18m│[0m[48;2;18;18;18m                                       [0m
[22;1H[48;2;18;18;18m                                       [0m[38;2;0;255;0;48;2;18;18;18m│[0m[48;2;18;18;18m  [0m[48;2;18;18;18m                                                      [0m[48;2;18;18;18m  [0m[38;2;0;255;0;48;2;18;18;18m│[0m[48;2;18;18;18m                                       [0m
[23;1H[48;2;18;18;18m                                       [0m[38;2;0;255;0;48;2;18;18;18m│[0m[48;2;18;18;18m  [0m[48;2;18;18;18m                                                      [0m[48;2;18;18;18m  [0m[38;2;0;255;0;48;2;18;18;18m│[0m[48;2;18;18;18m                                       [0m
[24;1H[48;2;18;18;18m                                       [0m[38;2;0;255;0;48;2;18;18;18m│[0m[48;2;18;18;18m  [0m[48;2;18;18;18m                                                      [0m[48;2;18;18;18m  [0m[38;2;0;255;0;48;2;18;18;18m│[0m[48;2;18;18;18m                                       [0m
[25;1H[48;2;18;18;18m                                       [0m[38;2;0;255;0;48;2;18;18;18m│[0m[48;2;18;18;18m  [0m[48;2;18;18;18m                                                      [0m[48;2;18;18;18m  [0m[38;2;0;255;0;48;2;18;18;18m│[0m[48;2;18;18;18m                                       [0m
[26;1H[48;2;18;18;18m                                       [0m[38;2;0;255;0;48;2;18;18;18m│[0m[48;2;18;18;18m  [0m[48;2;18;18;18m                                                      [0m[48;2;18;18;18m  [0m[38;2;0;255;0;48;2;18;18;18m│[0m[48;2;18;18;18m                                       [0m
[27;1H[48;2;18;18;18m                                       [0m[38;2;0;255;0;48;2;18;18;18m│[0m[48;2;18;18;18m  [0m[48;2;18;18;18m                                                      [0m[48;2;18;18;18m  [0m[38;2;0;255;0;48;2;18;18;18m│[0m[48;2;18;18;18m                                       [0m
[28;1H[48;2;18;18;18m                                       [0m[38;2;0;255;0;48;2;18;18;18m│[0m[48;2;18;18;18m  [0m[48;2;18;18;18m                                                      [0m[48;2;18;18;18m  [0m[38;2;0;255;0;48;2;18;18;18m│[0m[48;2;18;18;18m                                       [0m
[29;1H[48;2;18;18;18m                                       [0m[38;2;0;255;0;48;2;18;18;18m│[0m[48;2;18;18;18m  [0m[48;2;18;18;18m                                                      [0m[48;2;18;18;18m  [0m[38;2;0;255;0;48;2;18;18;18m│[0m[48;2;18;18;18m                                       [0m
[30;1H[48;2;18;18;18m                                       [0m[38;2;0;255;0;48;2;18;18;18m│[0m[48;2;18;18;18m  [0m[48;2;18;18;18m                                                      [0m[48;2;18;18;18m  [0m[38;2;0;255;0;48;2;18;18;18m│[0m[48;2;18;18;18m                                       [0m
[31;1H[48;2;18;18;18m                                       [0m[38;2;0;255;0;48;2;18;18;18m│[0m[48;2;18;18;18m  [0m[48;2;18;18;18m                                                      [0m[48;2;18;18;18m  [0m[38;2;0;255;0;48;2;18;18;18m│[0m[48;2;18;18;18m                                       [0m
[32;1H[48;2;18;18;18m                                       [0m[38;2;0;255;0;48;2;18;18;18m│[0m[48;2;18;18;18m  [0m[48;2;18;18;18m                                                      [0m[48;2;18;18;18m  [0m[38;2;0;255;0;48;2;18;18;18m│[0m[48;2;18;18;18m                                       [0m
[33;1H[48;2;18;18;18m                                       [0m[38;2;0;255;0;48;2;18;18;18m│[0m[48;2;18;18;18m  [0m[48;2;18;18;18m                                                      [0m[48;2;18;18;18m  [0m[38;2;0;255;0;48;2;18;18;18m│[0m[48;2;18;18;18m                                       [0m
[34;1H[48;2;18;18;18m                                       [0m[38;2;0;255;0;48;2;18;18;18m│[0m[48;2;18;18;18m  [0m[48;2;18;18;18m                                                      [0m[48;2;18;18;18m  [0m[38;2;0;255;0;48;2;18;18;18m│[0m[48;2;18;18;18m                                       [0m
[35;1H[48;2;18;18;18m                                       [0m[38;2;0;255;0;48;2;18;18;18m│[0m[48;2;18;18;18m  [0m[48;2;18;18;18m                                                      [0m[48;2;18;18;18m  [0m[38;2;0;255;0;48;2;18;18;18m│[0m[48;2;18;18;18m                                       [0m
[36;1H[48;2;18;18;18m                                       [0m[38;2;0;255;0;48;2;18;18;18m│[0m[48;2;18;18;18m  [0m[48;2;18;18;18m                                                      [0m[48;2;18;18;18m  [0m[38;2;0;255;0;48;2;18;18;18m│[0m[48;2;18;18;18m                                       [0m
[37;1H[48;2;18;18;18m                                       [0m[38;2;0;255;0;48;2;18;18;18m│[0m[48;2;18;18;18m  [0m[48;2;18;18;18m                                                      [0m[48;2;18;18;18m  [0m[38;2;0;255;0;48;2;18;18;18m│[0m[48;2;18;18;18m                                       [0m
[38;1H[48;2;18;18;18m                                       [0m[38;2;0;255;0;48;2;18;18;18m│[0m[48;2;18;18;18m  [0m[48;2;18;18;18m                                                      [0m[48;2;18;18;18m  [0m[38;2;0;255;0;48;2;18;18;18m│[0m[48;2;18;18;18m                                       [0m
[39;1H[48;2;18;18;18m                                       [0m[38;2;0;255;0;48;2;18;18;18m│[0m[48;2;18;18;18m  [0m[48;2;18;18;18m                                                      [0m[48;2;18;18;18m  [0m[38;2;0;255;0;48;2;18;18;18m│[0m[48;2;18;18;18m                                       [0m
[40;1H[48;2;18;18;18m                                       [0m[38;2;0;255;0;48;2;18;18;18m│[0m[48;2;18;18;18m  [0m[48;2;18;18;18m                                                      [0m[48;2;18;18;18m  [0m[38;2;0;255;0;48;2;18;18;18m│[0m[48;2;18;18;18m                                       [0m
[41;1H[48;2;18;18;18m                                       [0m[38;2;0;255;0;48;2;18;18;18m│[0m[48;2;18;18;18m  [0m[48;2;18;18;18m                                                      [0m[48;2;18;18;18m  [0m[38;2;0;255;0;48;2;18;18;18m│[0m[48;2;18;18;18m                                       [0m
[42;1H[48;2;18;18;18m                                       [0m[38;2;0;255;0;48;2;18;18;18m│[0m[48;2;18;18;18m  [0m[48;2;18;18;18m                                                      [0m[48;2;18;18;18m  [0m[38;2;0;255;0;48;2;18;18;18m│[0m[48;2;18;18;18m                                       [0m
[43;1H[48;2;18;18;18m                                       [0m[38;2;0;255;0;48;2;18;18;18m│[0m[48;2;18;18;18m  [0m[48;2;18;18;18m                                                      [0m[48;2;18;18;18m  [0m[38;2;0;255;0;48;2;18;18;18m│[0m[48;2;18;18;18m                                       [0m
[44;1H[48;2;18;18;18m                                       [0m[38;2;0;255;0;48;2;18;18;18m│[0m[48;2;18;18;18m  [0m[48;2;18;18;18m                                                      [0m[48;2;18;18;18m  [0m[38;2;0;255;0;48;2;18;18;18m│[0m[48;2;18;18;18m                                       [0m
[45;1H[48;2;18;18;18m                                       [0m[38;2;0;255;0;48;2;18;18;18m│[0m[48;2;18;18;18m  [0m[48;2;18;18;18m                                                      [0m[48;2;18;18;18m  [0m[38;2;0;255;0;48;2;18;18;18m│[0m[48;2;18;18;18m                                       [0m
[46;1H[48;2;18;18;18m                                       [0m[38;2;0;255;0;48;2;18;18;18m│[0m[48;2;18;18;18m  [0m[48;2;18;18;18m                                                      [0m[48;2;18;18;18m  [0m[38;2;0;255;0;48;2;18;18;18m│[0m[48;2;18;18;18m                                       [0m
[47;1H[48;2;18;18;18m                                       [0m[38;2;0;255;0;48;2;18;18;18m│[0m[48;2;18;18;18m  [0m[48;2;18;18;18m                                                      [0m[48;2;18;18;18m  [0m[38;2;0;255;0;48;2;18;18;18m│[0m[48;2;18;18;18m                                       [0m
[48;1H[48;2;18;18;18m                                       [0m[38;2;0;255;0;48;2;18;18;18m│[0m[48;2;18;18;18m  [0m[48;2;18;18;18m                                                      [0m[48;2;18;18;18m  [0m[38;2;0;255;0;48;2;18;18;18m│[0m[48;2;18;18;18m                                       [0m
[49;1H[48;2;18;18;18m                                       [0m[38;2;0;255;0;48;2;18;18;18m│[0m[48;2;18;18;18m  [0m[48;2;18;18;18m                                                      [0m[48;2;18;18;18m  [0m[38;2;0;255;0;48;2;18;18;18m│[0m[48;2;18;18;18m                                       [0m
[50;1H[48;2;18;18;18m                                       [0m[38;2;0;255;0;48;2;18;18;18m│[0m[48;2;18;18;18m  [0m[48;2;18;18;18m                                                      [0m[48;2;18;18;18m  [0m[38;2;0;255;0;48;2;18;18;18m│[0m[48;2;18;18;18m                                       [0m
[51;1H[48;2;18;18;18m                                       [0m[38;2;0;255;0;48;2;18;18;18m│[0m[48;2;18;18;18m  [0m[48;2;18;18;18m                                                      [0m[48;2;18;18;18m  [0m[38;2;0;255;0;48;2;18;18;18m│[0m[48;2;18;18;18m                                       [0m
[52;1H[48;2;18;18;18m                                       [0m[38;2;0;255;0;48;2;18;18;18m│[0m[48;2;18;18;18m  [0m[48;2;18;18;18m                                                      [0m[48;2;18;18;18m  [0m[38;2;0;255;0;48;2;18;18;18m│[0m[48;2;18;18;18m                                       [0m
[53;1H[48;2;18;18;18m                                       [0m[38;2;0;255;0;48;2;18;18;18m│[0m[48;2;18;18;18m  [0m[48;2;18;18;18m                                                      [0m[48;2;18;18;18m  [0m[38;2;0;255;0;48;2;18;18;18m│[0m[48;2;18;18;18m                                       [0m
[54;1H[48;2;18;18;18m                                       [0m[38;2;0;255;0;48;2;18;18;18m│[0m[48;2;18;18;18m  [0m[48;2;18;18;18m                                                      [0m[48;2;18;18;18m  [0m[38;2;0;255;0;48;2;18;18;18m│[0m[48;2;18;18;18m                                       [0m
[55;1H[48;2;18;18;18m                                       [0m[38;2;0;255;0;48;2;18;18;18m│[0m[48;2;18;18;18m  [0m[48;2;18;18;18m                                                      [0m[48;2;18;18;18m  [0m[38;2;0;255;0;48;2;18;18;18m│[0m[48;2;18;18;18m                                       [0m
[56;1H[48;2;18;18;18m                                       [0m[38;2;0;255;0;48;2;18;18;18m│[0m[48;2;18;18;18m  [0m[48;2;18;18;18m                                                      [0m[48;2;18;18;18m  [0m[38;2;0;255;0;48;2;18;18;18m│[0m[48;2;18;18;18m                                       [0m
[57;1H[48;2;18;18;18m                                       [0m[38;2;0;255;0;48;2;18;18;18m│[0m[48;2;18;18;18m  [0m[48;2;18;18;18m                                                      [0m[48;2;18;18;18m  [0m[38;2;0;255;0;48;2;18;18;18m│[0m[48;2;18;18;18m                                       [0m
[58;1H[48;2;18;18;18m                                       [0m[38;2;0;255;0;48;2;18;18;18m│[0m[48;2;18;18;18m  [0m[48;2;18;18;18m                                                      [0m[48;2;18;18;18m  [0m[38;2;0;255;0;48;2;18;18;18m│[0m[48;2;18;18;18m                                       [0m
[59;1H[48;2;18;18;18m                                       [0m[38;2;0;255;0;48;2;18;18;18m│[0m[48;2;18;18;18m  [0m[48;2;18;18;18m                                                      [0m[48;2;18;18;18m  [0m[38;2;0;255;0;48;2;18;18;18m│[0m[48;2;18;18;18m                                       [0m
[60;1H[48;2;18;18;18m                                       [0m[38;2;0;255;0;48;2;18;18;18m│[0m[48;2;18;18;18m  [0m[48;2;18;18;18m                                                      [0m[48;2;18;18;18m  [0m[38;2;0;255;0;48;2;18;18;18m│[0m[48;2;18;18;18m                                       [0m
[61;1H[48;2;18;18;18m                                       [0m[38;2;0;255;0;48;2;18;18;18m│[0m[48;2;18;18;18m  [0m[48;2;18;18;18m                                                      [0m[48;2;18;18;18m  [0m[38;2;0;255;0;48;2;18;18;18m│[0m[48;2;18;18;18m                                       [0m
[62;1H[48;2;18;18;18m                                       [0m[38;2;0;255;0;48;2;18;18;18m│[0m[48;2;18;18;18m  [0m[48;2;18;18;18m                                                      [0m[48;2;18;18;18m  [0m[38;2;0;255;0;48;2;18;18;18m│[0m[48;2;18;18;18m                                       [0m
[63;1H[48;2;18;18;18m                                       [0m[38;2;0;255;0;48;2;18;18;18m│[0m[48;2;18;18;18m  [0m[48;2;18;18;18m                                                      [0m[48;2;18;18;18m  [0m[38;2;0;255;0;48;2;18;18;18m│[0m[48;2;18;18;18m                                       [0m
[64;1H[48;2;18;18;18m                                       [0m[38;2;0;255;0;48;2;18;18;18m│[0m[48;2;18;18;18m  [0m[48;2;18;18;18m                                                      [0m[48;2;18;18;18m  [0m[38;2;0;255;0;48;2;18;18;18m│[0m[48;2;18;18;18m                                       [0m
[65;1H[48;2;18;18;18m                                       [0m[38;2;0;255;0;48;2;18;18;18m│[0m[48;2;18;18;18m  [0m[48;2;18;18;18m                                                      [0m[48;2;18;18;18m  [0m[38;2;0;255;0;48;2;18;18;18m│[0m[48;2;18;18;18m                                       [0m
[66;1H[48;2;18;18;18m                                       [0m[38;2;0;255;0;48;2;18;18;18m│[0m[48;2;18;18;18m  [0m[48;2;18;18;18m                                                      [0m[48;2;18;18;18m  [0m[38;2;0;255;0;48;2;18;18;18m│[0m[48;2;18;18;18m                                       [0m
[67;1H[48;2;18;18;18m                                       [0m[38;2;0;255;0;48;2;18;18;18m│[0m[48;2;18;18;18m  [0m[48;2;18;18;18m                                                      [0m[48;2;18;18;18m  [0m[38;2;0;255;0;48;2;18;18;18m│[0m[48;2;18;18;18m                                       [0m
[68;1H[48;2;18;18;18m                                       [0m[38;2;0;255;0;48;2;18;18;18m│[0m[48;2;18;18;18m  [0m[48;2;18;18;18m                                                      [0m[48;2;18;18;18m  [0m[38;2;0;255;0;48;2;18;18;18m│[0m[48;2;18;18;18m                                       [0m
[69;1H[48;2;18;18;18m                                       [0m[38;2;0;255;0;48;2;18;18;18m│[0m[48;2;18;18;18m  [0m[48;2;18;18;18m                                                      [0m[48;2;18;18;18m  [0m[38;2;0;255;0;48;2;18;18;18m│[0m[48;2;18;18;18m                                       [0m
[70;1H[48;2;18;18;18m                                       [0m[38;2;0;255;0;48;2;18;18;18m│[0m[48;2;18;18;18m  [0m[48;2;18;18;18m                                                      [0m[48;2;18;18;18m  [0m[38;2;0;255;0;48;2;18;18;18m│[0m[48;2;18;18;18m                                       [0m
[71;1H[48;2;18;18;18m                                       [0m[38;2;0;255;0;48;2;18;18;18m│[0m[48;2;18;18;18m                                                          [0m[38;2;0;255;0;48;2;18;18;18m│[0m[48;2;18;18;18m                                       [0m
[72;1H[48;2;18;18;18m                                       [0m[38;2;0;255;0;48;2;18;18;18m╰[0m[38;2;0;255;0;48;2;18;18;18m──────────────────────────────────────────────────────────[0m[38;2;0;255;0;48;2;18;18;18m╯[0m[48;2;18;18;18m                                       [0m
[73;1H[1;38;2;255;166;43;48;2;36;47;56m q [0m[38;2;224;224;224;48;2;36;47;56mQuit [0m[48;2;36;47;56m                                                                                                                      [0m[38;2;73;82;89;48;2;36;47;56m▏[0m[1;38;2;255;166;43;48;2;36;47;56m^p[0m[38;2;224;224;224;48;2;36;47;56m palette[0m[48;2;36;47;56m [0m[1;1H[73;1H[1;38;2;255;166;43;48;2;36;47;56m q [0m[38;2;224;224;224;48;2;36;47;56mQuit [0m[73;9H[48;2;36;47;56m                                                                                                                      [0m[73;127H[38;2;73;82;89;48;2;36;47;56m▏[0m[1;38;2;255;166;43;48;2;36;47;56m^p[0m[38;2;224;224;224;48;2;36;47;56m palette[0m[48;2;36;47;56m [0m[1;1H[73;1H[1;38;2;255;166;43;48;2;36;47;56m q [0m[38;2;224;224;224;48;2;36;47;56mQuit [0m[73;9H[73;127H[38;2;73;82;89;48;2;36;47;56m▏[0m[1;38;2;255;166;43;48;2;36;47;56m^p[0m[38;2;224;224;224;48;2;36;47;56m palette[0m[48;2;36;47;56m [0m[1;1H[1;1H[48;2;36;47;56m [0m[38;2;224;224;224;48;2;36;47;56m⭘[0m[38;2;224;224;224;48;2;36;47;56m     [0m[48;2;36;47;56m [0m[38;2;224;224;224;48;2;36;47;56m                                                       [0m[38;2;224;224;224;48;2;36;47;56mLowTideApp[0m[38;2;224;224;224;48;2;36;47;56m                                                       [0m[48;2;36;47;56m [0m[48;2;36;47;56m        [0m[48;2;36;47;56m [0m
[2;1H[48;2;18;18;18m                                       [0m[38;2;0;255;0;48;2;18;18;18m╭[0m[38;2;0;255;0;48;2;18;18;18m──────────────────────────────────────────────────────────[0m[38;2;0;255;0;48;2;18;18;18m╮[0m[48;2;18;18;18m                                       [0m
[3;1H[48;2;18;18;18m                                       [0m[38;2;0;255;0;48;2;18;18;18m│[0m[48;2;18;18;18m                                                          [0m[38;2;0;255;0;48;2;18;18;18m│[0m[48;2;18;18;18m                                       [0m
[4;1H[48;2;18;18;18m                                       [0m[38;2;0;255;0;48;2;18;18;18m│[0m[48;2;18;18;18m  [0m[38;2;224;224;224;48;2;18;18;18mlow-tide — TIDAL in your terminal[0m[48;2;18;18;18m                     [0m[48;2;18;18;18m  [0m[38;2;0;255;0;48;2;18;18;18m│[0m[48;2;18;18;18m                                       [0m
[5;1H[48;2;18;18;18m                                       [0m[38;2;0;255;0;48;2;18;18;18m│[0m[48;2;18;18;18m  [0m[38;2;224;224;224;48;2;18;18;18mNot logged in: AttributeError("'LoggedInUser' object h[0m[48;2;18;18;18m  [0m[38;2;0;255;0;48;2;18;18;18m│[0m[48;2;18;18;18m                                       [0m
[6;1H[48;2;18;18;18m                                       [0m[38;2;0;255;0;48;2;18;18;18m│[0m[48;2;18;18;18m  [0m[48;2;18;18;18m                                                      [0m[48;2;18;18;18m  [0m[38;2;0;255;0;48;2;18;18;18m│[0m[48;2;18;18;18m                                       [0m
[7;1H[48;2;18;18;18m                                       [0m[38;2;0;255;0;48;2;18;18;18m│[0m[48;2;18;18;18m  [0m[38;2;45;45;45;48;2;39;39;39m▔▔▔▔▔▔▔▔▔▔▔▔▔▔▔▔[0m[48;2;18;18;18m                                      [0m[48;2;18;18;18m  [0m[38;2;0;255;0;48;2;18;18;18m│[0m[48;2;18;18;18m                                       [0m
[8;1H[48;2;18;18;18m                                       [0m[38;2;0;255;0;48;2;18;18;18m│[0m[48;2;18;18;18m  [0m[48;2;39;39;39m [0m[1;7;38;2;224;224;224;48;2;39;39;39m Refresh user [0m[48;2;39;39;39m [0m[48;2;18;18;18m                                      [0m[48;2;18;18;18m  [0m[38;2;0;255;0;48;2;18;18;18m│[0m[48;2;18;18;18m                                       [0m
[9;1H[48;2;18;18;18m                                       [0m[38;2;0;255;0;48;2;18;18;18m│[0m[48;2;18;18;18m  [0m[38;2;13;13;13;48;2;39;39;39m▁▁▁▁▁▁▁▁▁▁▁▁▁▁▁▁[0m[48;2;18;18;18m                                      [0m[48;2;18;18;18m  [0m[38;2;0;255;0;48;2;18;18;18m│[0m[48;2;18;18;18m                                       [0m
[10;1H[48;2;18;18;18m                                       [0m[38;2;0;255;0;48;2;18;18;18m│[0m[48;2;18;18;18m  [0m[48;2;18;18;18m                                                      [0m[48;2;18;18;18m  [0m[38;2;0;255;0;48;2;18;18;18m│[0m[48;2;18;18;18m                                       [0m
[11;1H[48;2;18;18;18m                                       [0m[38;2;0;255;0;48;2;18;18;18m│[0m[48;2;18;18;18m  [0m[48;2;18;18;18m                                                      [0m[48;2;18;18;18m  [0m[38;2;0;255;0;48;2;18;18;18m│[0m[48;2;18;18;18m                                       [0m
[12;1H[48;2;18;18;18m                                       [0m[38;2;0;255;0;48;2;18;18;18m│[0m[48;2;18;18;18m  [0m[48;2;18;18;18m                                                      [0m[48;2;18;18;18m  [0m[38;2;0;255;0;48;2;18;18;18m│[0m[48;2;18;18;18m                                       [0m
[13;1H[48;2;18;18;18m                                       [0m[38;2;0;255;0;48;2;18;18;18m│[0m[48;2;18;18;18m  [0m[48;2;18;18;18m                                                      [0m[48;2;18;18;18m  [0m[38;2;0;255;0;48;2;18;18;18m│[0m[48;2;18;18;18m                                       [0m
[14;1H[48;2;18;18;18m                                       [0m[38;2;0;255;0;48;2;18;18;18m│[0m[48;2;18;18;18m  [0m[48;2;18;18;18m                                                      [0m[48;2;18;18;18m  [0m[38;2;0;255;0;48;2;18;18;18m│[0m[48;2;18;18;18m                                       [0m
[15;1H[48;2;18;18;18m                                       [0m[38;2;0;255;0;48;2;18;18;18m│[0m[48;2;18;18;18m  [0m[48;2;18;18;18m                                                      [0m[48;2;18;18;18m  [0m[38;2;0;255;0;48;2;18;18;18m│[0m[48;2;18;18;18m                                       [0m
[16;1H[48;2;18;18;18m                                       [0m[38;2;0;255;0;48;2;18;18;18m│[0m[48;2;18;18;18m  [0m[48;2;18;18;18m                                                      [0m[48;2;18;18;18m  [0m[38;2;0;255;0;48;2;18;18;18m│[0m[48;2;18;18;18m                                       [0m
[17;1H[48;2;18;18;18m                                       [0m[38;2;0;255;0;48;2;18;18;18m│[0m[48;2;18;18;18m  [0m[48;2;18;18;18m                                                      [0m[48;2;18;18;18m  [0m[38;2;0;255;0;48;2;18;18;18m│[0m[48;2;18;18;18m                                       [0m
[18;1H[48;2;18;18;18m                                       [0m[38;2;0;255;0;48;2;18;18;18m│[0m[48;2;18;18;18m  [0m[48;2;18;18;18m                                                      [0m[48;2;18;18;18m  [0m[38;2;0;255;0;48;2;18;18;18m│[0m[48;2;18;18;18m                                       [0m
[19;1H[48;2;18;18;18m                                       [0m[38;2;0;255;0;48;2;18;18;18m│[0m[48;2;18;18;18m  [0m[48;2;18;18;18m                                                      [0m[48;2;18;18;18m  [0m[38;2;0;255;0;48;2;18;18;18m│[0m[48;2;18;18;18m                                       [0m
[20;1H[48;2;18;18;18m                                       [0m[38;2;0;255;0;48;2;18;18;18m│[0m[48;2;18;18;18m  [0m[48;2;18;18;18m                                                      [0m[48;2;18;18;18m  [0m[38;2;0;255;0;48;2;18;18;18m│[0m[48;2;18;18;18m                                       [0m
[21;1H[48;2;18;18;18m                                       [0m[38;2;0;255;0;48;2;18;18;18m│[0m[48;2;18;18;18m  [0m[48;2;18;18;18m                                                      [0m[48;2;18;18;18m  [0m[38;2;0;255;0;48;2;18;18;18m│[0m[48;2;18;18;18m                                       [0m
[22;1H[48;2;18;18;18m                                       [0m[38;2;0;255;0;48;2;18;18;18m│[0m[48;2;18;18;18m  [0m[48;2;18;18;18m                                                      [0m[48;2;18;18;18m  [0m[38;2;0;255;0;48;2;18;18;18m│[0m[48;2;18;18;18m                                       [0m
[23;1H[48;2;18;18;18m                                       [0m[38;2;0;255;0;48;2;18;18;18m│[0m[48;2;18;18;18m  [0m[48;2;18;18;18m                                                      [0m[48;2;18;18;18m  [0m[38;2;0;255;0;48;2;18;18;18m│[0m[48;2;18;18;18m                                       [0m
[24;1H[48;2;18;18;18m                                       [0m[38;2;0;255;0;48;2;18;18;18m│[0m[48;2;18;18;18m  [0m[48;2;18;18;18m                                                      [0m[48;2;18;18;18m  [0m[38;2;0;255;0;48;2;18;18;18m│[0m[48;2;18;18;18m                                       [0m
[25;1H[48;2;18;18;18m                                       [0m[38;2;0;255;0;48;2;18;18;18m│[0m[48;2;18;18;18m  [0m[48;2;18;18;18m                                                      [0m[48;2;18;18;18m  [0m[38;2;0;255;0;48;2;18;18;18m│[0m[48;2;18;18;18m                                       [0m
[26;1H[48;2;18;18;18m                                       [0m[38;2;0;255;0;48;2;18;18;18m│[0m[48;2;18;18;18m  [0m[48;2;18;18;18m                                                      [0m[48;2;18;18;18m  [0m[38;2;0;255;0;48;2;18;18;18m│[0m[48;2;18;18;18m                                       [0m
[27;1H[48;2;18;18;18m                                       [0m[38;2;0;255;0;48;2;18;18;18m│[0m[48;2;18;18;18m  [0m[48;2;18;18;18m                                                      [0m[48;2;18;18;18m  [0m[38;2;0;255;0;48;2;18;18;18m│[0m[48;2;18;18;18m                                       [0m
[28;1H[48;2;18;18;18m                                       [0m[38;2;0;255;0;48;2;18;18;18m│[0m[48;2;18;18;18m  [0m[48;2;18;18;18m                                                      [0m[48;2;18;18;18m  [0m[38;2;0;255;0;48;2;18;18;18m│[0m[48;2;18;18;18m                                       [0m
[29;1H[48;2;18;18;18m                                       [0m[38;2;0;255;0;48;2;18;18;18m│[0m[48;2;18;18;18m  [0m[48;2;18;18;18m                                                      [0m[48;2;18;18;18m  [0m[38;2;0;255;0;48;2;18;18;18m│[0m[48;2;18;18;18m                                       [0m
[30;1H[48;2;18;18;18m                                       [0m[38;2;0;255;0;48;2;18;18;18m│[0m[48;2;18;18;18m  [0m[48;2;18;18;18m                                                      [0m[48;2;18;18;18m  [0m[38;2;0;255;0;48;2;18;18;18m│[0m[48;2;18;18;18m                                       [0m
[31;1H[48;2;18;18;18m                                       [0m[38;2;0;255;0;48;2;18;18;18m│[0m[48;2;18;18;18m  [0m[48;2;18;18;18m                                                      [0m[48;2;18;18;18m  [0m[38;2;0;255;0;48;2;18;18;18m│[0m[48;2;18;18;18m                                       [0m
[32;1H[48;2;18;18;18m                                       [0m[38;2;0;255;0;48;2;18;18;18m│[0m[48;2;18;18;18m  [0m[48;2;18;18;18m                                                      [0m[48;2;18;18;18m  [0m[38;2;0;255;0;48;2;18;18;18m│[0m[48;2;18;18;18m                                       [0m
[33;1H[48;2;18;18;18m                                       [0m[38;2;0;255;0;48;2;18;18;18m│[0m[48;2;18;18;18m                                                          [0m[38;2;0;255;0;48;2;18;18;18m│[0m[48;2;18;18;18m                                       [0m
[34;1H[48;2;18;18;18m                                       [0m[38;2;0;255;0;48;2;18;18;18m╰[0m[38;2;0;255;0;48;2;18;18;18m──────────────────────────────────────────────────────────[0m[38;2;0;255;0;48;2;18;18;18m╯[0m[48;2;18;18;18m                                       [0m
[35;1H[1;38;2;255;166;43;48;2;36;47;56m q [0m[38;2;224;224;224;48;2;36;47;56mQuit [0m[48;2;36;47;56m                                                                                                                      [0m[38;2;73;82;89;48;2;36;47;56m▏[0m[1;38;2;255;166;43;48;2;36;47;56m^p[0m[38;2;224;224;224;48;2;36;47;56m palette[0m[48;2;36;47;56m [0m[1;1H[1;1H[48;2;36;47;56m [0m[38;2;224;224;224;48;2;36;47;56m⭘[0m[38;2;224;224;224;48;2;36;47;56m     [0m[48;2;36;47;56m [0m[38;2;224;224;224;48;2;36;47;56m                                                       [0m[38;2;224;224;224;48;2;36;47;56mLowTideApp[0m[38;2;224;224;224;48;2;36;47;56m                                                       [0m[48;2;36;47;56m [0m[48;2;36;47;56m        [0m[48;2;36;47;56m [0m
[2;1H[48;2;18;18;18m                                       [0m[38;2;0;255;0;48;2;18;18;18m╭[0m[38;2;0;255;0;48;2;18;18;18m──────────────────────────────────────────────────────────[0m[38;2;0;255;0;48;2;18;18;18m╮[0m[48;2;18;18;18m                                       [0m
[3;1H[48;2;18;18;18m                                       [0m[38;2;0;255;0;48;2;18;18;18m│[0m[48;2;18;18;18m                                                          [0m[38;2;0;255;0;48;2;18;18;18m│[0m[48;2;18;18;18m                                       [0m
[4;1H[48;2;18;18;18m                                       [0m[38;2;0;255;0;48;2;18;18;18m│[0m[48;2;18;18;18m  [0m[38;2;224;224;224;48;2;18;18;18mlow-tide — TIDAL in your terminal[0m[48;2;18;18;18m                     [0m[48;2;18;18;18m  [0m[38;2;0;255;0;48;2;18;18;18m│[0m[48;2;18;18;18m                                       [0m
[5;1H[48;2;18;18;18m                                       [0m[38;2;0;255;0;48;2;18;18;18m│[0m[48;2;18;18;18m  [0m[38;2;224;224;224;48;2;18;18;18mNot logged in: AttributeError("'LoggedInUser' object h[0m[48;2;18;18;18m  [0m[38;2;0;255;0;48;2;18;18;18m│[0m[48;2;18;18;18m                                       [0m
[6;1H[48;2;18;18;18m                                       [0m[38;2;0;255;0;48;2;18;18;18m│[0m[48;2;18;18;18m  [0m[48;2;18;18;18m                                                      [0m[48;2;18;18;18m  [0m[38;2;0;255;0;48;2;18;18;18m│[0m[48;2;18;18;18m                                       [0m
[7;1H[48;2;18;18;18m                                       [0m[38;2;0;255;0;48;2;18;18;18m│[0m[48;2;18;18;18m  [0m[38;2;45;45;45;48;2;39;39;39m▔▔▔▔▔▔▔▔▔▔▔▔▔▔▔▔[0m[48;2;18;18;18m                                      [0m[48;2;18;18;18m  [0m[38;2;0;255;0;48;2;18;18;18m│[0m[48;2;18;18;18m                                       [0m
[8;1H[48;2;18;18;18m                                       [0m[38;2;0;255;0;48;2;18;18;18m│[0m[48;2;18;18;18m  [0m[48;2;39;39;39m [0m[1;7;38;2;224;224;224;48;2;39;39;39m Refresh user [0m[48;2;39;39;39m [0m[48;2;18;18;18m                                      [0m[48;2;18;18;18m  [0m[38;2;0;255;0;48;2;18;18;18m│[0m[48;2;18;18;18m                                       [0m
[9;1H[48;2;18;18;18m                                       [0m[38;2;0;255;0;48;2;18;18;18m│[0m[48;2;18;18;18m  [0m[38;2;13;13;13;48;2;39;39;39m▁▁▁▁▁▁▁▁▁▁▁▁▁▁▁▁[0m[48;2;18;18;18m                                      [0m[48;2;18;18;18m  [0m[38;2;0;255;0;48;2;18;18;18m│[0m[48;2;18;18;18m                                       [0m
[10;1H[48;2;18;18;18m                                       [0m[38;2;0;255;0;48;2;18;18;18m│[0m[48;2;18;18;18m  [0m[48;2;18;18;18m                                                      [0m[48;2;18;18;18m  [0m[38;2;0;255;0;48;2;18;18;18m│[0m[48;2;18;18;18m                                       [0m
[11;1H[48;2;18;18;18m                                       [0m[38;2;0;255;0;48;2;18;18;18m│[0m[48;2;18;18;18m  [0m[48;2;18;18;18m                                                      [0m[48;2;18;18;18m  [0m[38;2;0;255;0;48;2;18;18;18m│[0m[48;2;18;18;18m                                       [0m
[12;1H[48;2;18;18;18m                                       [0m[38;2;0;255;0;48;2;18;18;18m│[0m[48;2;18;18;18m  [0m[48;2;18;18;18m                                                      [0m[48;2;18;18;18m  [0m[38;2;0;255;0;48;2;18;18;18m│[0m[48;2;18;18;18m                                       [0m
[13;1H[48;2;18;18;18m                                       [0m[38;2;0;255;0;48;2;18;18;18m│[0m[48;2;18;18;18m  [0m[48;2;18;18;18m                                                      [0m[48;2;18;18;18m  [0m[38;2;0;255;0;48;2;18;18;18m│[0m[48;2;18;18;18m                                       [0m
[14;1H[48;2;18;18;18m                                       [0m[38;2;0;255;0;48;2;18;18;18m│[0m[48;2;18;18;18m  [0m[48;2;18;18;18m                                                      [0m[48;2;18;18;18m  [0m[38;2;0;255;0;48;2;18;18;18m│[0m[48;2;18;18;18m                                       [0m
[15;1H[48;2;18;18;18m                                       [0m[38;2;0;255;0;48;2;18;18;18m│[0m[48;2;18;18;18m  [0m[48;2;18;18;18m                                                      [0m[48;2;18;18;18m  [0m[38;2;0;255;0;48;2;18;18;18m│[0m[48;2;18;18;18m                                       [0m
[16;1H[48;2;18;18;18m                                       [0m[38;2;0;255;0;48;2;18;18;18m│[0m[48;2;18;18;18m  [0m[48;2;18;18;18m                                                      [0m[48;2;18;18;18m  [0m[38;2;0;255;0;48;2;18;18;18m│[0m[48;2;18;18;18m                                       [0m
[17;1H[48;2;18;18;18m                                       [0m[38;2;0;255;0;48;2;18;18;18m│[0m[48;2;18;18;18m  [0m[48;2;18;18;18m                                                      [0m[48;2;18;18;18m  [0m[38;2;0;255;0;48;2;18;18;18m│[0m[48;2;18;18;18m                                       [0m
[18;1H[48;2;18;18;18m                                       [0m[38;2;0;255;0;48;2;18;18;18m│[0m[48;2;18;18;18m  [0m[48;2;18;18;18m                                                      [0m[48;2;18;18;18m  [0m[38;2;0;255;0;48;2;18;18;18m│[0m[48;2;18;18;18m                                       [0m
[19;1H[48;2;18;18;18m                                       [0m[38;2;0;255;0;48;2;18;18;18m│[0m[48;2;18;18;18m  [0m[48;2;18;18;18m                                                      [0m[48;2;18;18;18m  [0m[38;2;0;255;0;48;2;18;18;18m│[0m[48;2;18;18;18m                                       [0m
[20;1H[48;2;18;18;18m                                       [0m[38;2;0;255;0;48;2;18;18;18m│[0m[48;2;18;18;18m  [0m[48;2;18;18;18m                                                      [0m[48;2;18;18;18m  [0m[38;2;0;255;0;48;2;18;18;18m│[0m[48;2;18;18;18m                                       [0m
[21;1H[48;2;18;18;18m                                       [0m[38;2;0;255;0;48;2;18;18;18m│[0m[48;2;18;18;18m  [0m[48;2;18;18;18m                                                      [0m[48;2;18;18;18m  [0m[38;2;0;255;0;48;2;18;18;18m│[0m[48;2;18;18;18m                                       [0m
[22;1H[48;2;18;18;18m                                       [0m[38;2;0;255;0;48;2;18;18;18m│[0m[48;2;18;18;18m  [0m[48;2;18;18;18m                                                      [0m[48;2;18;18;18m  [0m[38;2;0;255;0;48;2;18;18;18m│[0m[48;2;18;18;18m                                       [0m
[23;1H[48;2;18;18;18m                                       [0m[38;2;0;255;0;48;2;18;18;18m│[0m[48;2;18;18;18m  [0m[48;2;18;18;18m                                                      [0m[48;2;18;18;18m  [0m[38;2;0;255;0;48;2;18;18;18m│[0m[48;2;18;18;18m                                       [0m
[24;1H[48;2;18;18;18m                                       [0m[38;2;0;255;0;48;2;18;18;18m│[0m[48;2;18;18;18m  [0m[48;2;18;18;18m                                                      [0m[48;2;18;18;18m  [0m[38;2;0;255;0;48;2;18;18;18m│[0m[48;2;18;18;18m                                       [0m
[25;1H[48;2;18;18;18m                                       [0m[38;2;0;255;0;48;2;18;18;18m│[0m[48;2;18;18;18m  [0m[48;2;18;18;18m                                                      [0m[48;2;18;18;18m  [0m[38;2;0;255;0;48;2;18;18;18m│[0m[48;2;18;18;18m                                       [0m
[26;1H[48;2;18;18;18m                                       [0m[38;2;0;255;0;48;2;18;18;18m│[0m[48;2;18;18;18m  [0m[48;2;18;18;18m                                                      [0m[48;2;18;18;18m  [0m[38;2;0;255;0;48;2;18;18;18m│[0m[48;2;18;18;18m                                       [0m
[27;1H[48;2;18;18;18m                                       [0m[38;2;0;255;0;48;2;18;18;18m│[0m[48;2;18;18;18m  [0m[48;2;18;18;18m                                                      [0m[48;2;18;18;18m  [0m[38;2;0;255;0;48;2;18;18;18m│[0m[48;2;18;18;18m                                       [0m
[28;1H[48;2;18;18;18m                                       [0m[38;2;0;255;0;48;2;18;18;18m│[0m[48;2;18;18;18m  [0m[48;2;18;18;18m                                                      [0m[48;2;18;18;18m  [0m[38;2;0;255;0;48;2;18;18;18m│[0m[48;2;18;18;18m                                       [0m
[29;1H[48;2;18;18;18m                                       [0m[38;2;0;255;0;48;2;18;18;18m│[0m[48;2;18;18;18m  [0m[48;2;18;18;18m                                                      [0m[48;2;18;18;18m  [0m[38;2;0;255;0;48;2;18;18;18m│[0m[48;2;18;18;18m                                       [0m
[30;1H[48;2;18;18;18m                                       [0m[38;2;0;255;0;48;2;18;18;18m│[0m[48;2;18;18;18m  [0m[48;2;18;18;18m                                                      [0m[48;2;18;18;18m  [0m[38;2;0;255;0;48;2;18;18;18m│[0m[48;2;18;18;18m                                       [0m
[31;1H[48;2;18;18;18m                                       [0m[38;2;0;255;0;48;2;18;18;18m│[0m[48;2;18;18;18m  [0m[48;2;18;18;18m                                                      [0m[48;2;18;18;18m  [0m[38;2;0;255;0;48;2;18;18;18m│[0m[48;2;18;18;18m                                       [0m
[32;1H[48;2;18;18;18m                                       [0m[38;2;0;255;0;48;2;18;18;18m│[0m[48;2;18;18;18m  [0m[48;2;18;18;18m                                                      [0m[48;2;18;18;18m  [0m[38;2;0;255;0;48;2;18;18;18m│[0m[48;2;18;18;18m                                       [0m
[33;1H[48;2;18;18;18m                                       [0m[38;2;0;255;0;48;2;18;18;18m│[0m[48;2;18;18;18m                                                          [0m[38;2;0;255;0;48;2;18;18;18m│[0m[48;2;18;18;18m                                       [0m
[34;1H[48;2;18;18;18m                                       [0m[38;2;0;255;0;48;2;18;18;18m╰[0m[38;2;0;255;0;48;2;18;18;18m──────────────────────────────────────────────────────────[0m[38;2;0;255;0;48;2;18;18;18m╯[0m[48;2;18;18;18m                                       [0m
[35;1H[1;38;2;255;166;43;48;2;36;47;56m q [0m[38;2;224;224;224;48;2;36;47;56mQuit [0m[48;2;36;47;56m                                                                                                                      [0m[38;2;73;82;89;48;2;36;47;56m▏[0m[1;38;2;255;166;43;48;2;36;47;56m^p[0m[38;2;224;224;224;48;2;36;47;56m palette[0m[48;2;36;47;56m [0m[1;1H[2;40H[38;2;0;255;0;48;2;18;18;18m╭[0m[38;2;0;255;0;48;2;18;18;18m──────────────────────────────────────────────────────────[0m[38;2;0;255;0;48;2;18;18;18m╮[0m[2;100H
[3;40H[38;2;0;255;0;48;2;18;18;18m│[0m[48;2;18;18;18m                                                          [0m[38;2;0;255;0;48;2;18;18;18m│[0m[3;100H
[4;40H[38;2;0;255;0;48;2;18;18;18m│[0m[48;2;18;18;18m  [0m[4;43H[38;2;224;224;224;48;2;18;18;18mlow-tide — TIDAL in your terminal[0m[4;76H[48;2;18;18;18m                     [0m[48;2;18;18;18m  [0m[38;2;0;255;0;48;2;18;18;18m│[0m[4;100H
[5;40H[38;2;0;255;0;48;2;18;18;18m│[0m[48;2;18;18;18m  [0m[5;43H[38;2;224;224;224;48;2;18;18;18mNot logged in: AttributeError("'LoggedInUser' object h[0m[5;97H[48;2;18;18;18m  [0m[38;2;0;255;0;48;2;18;18;18m│[0m[5;100H
[6;40H[38;2;0;255;0;48;2;18;18;18m│[0m[48;2;18;18;18m  [0m[48;2;18;18;18m                                                      [0m[48;2;18;18;18m  [0m[38;2;0;255;0;48;2;18;18;18m│[0m[6;100H
[7;40H[38;2;0;255;0;48;2;18;18;18m│[0m[48;2;18;18;18m  [0m[7;43H[38;2;45;45;45;48;2;39;39;39m▔▔▔▔▔▔▔▔▔▔▔▔▔▔▔▔[0m[7;59H[48;2;18;18;18m                                      [0m[48;2;18;18;18m  [0m[38;2;0;255;0;48;2;18;18;18m│[0m[7;100H
[8;40H[38;2;0;255;0;48;2;18;18;18m│[0m[48;2;18;18;18m  [0m[8;43H[48;2;39;39;39m [0m[1;7;38;2;224;224;224;48;2;39;39;39m Refresh user [0m[48;2;39;39;39m [0m[8;59H[48;2;18;18;18m                                      [0m[48;2;18;18;18m  [0m[38;2;0;255;0;48;2;18;18;18m│[0m[8;100H
[9;40H[38;2;0;255;0;48;2;18;18;18m│[0m[48;2;18;18;18m  [0m[9;43H[38;2;13;13;13;48;2;39;39;39m▁▁▁▁▁▁▁▁▁▁▁▁▁▁▁▁[0m[9;59H[48;2;18;18;18m                                      [0m[48;2;18;18;18m  [0m[38;2;0;255;0;48;2;18;18;18m│[0m[9;100H
[10;40H[38;2;0;255;0;48;2;18;18;18m│[0m[48;2;18;18;18m  [0m[48;2;18;18;18m                                                      [0m[48;2;18;18;18m  [0m[38;2;0;255;0;48;2;18;18;18m│[0m[10;100H
[11;40H[38;2;0;255;0;48;2;18;18;18m│[0m[48;2;18;18;18m  [0m[48;2;18;18;18m                                                      [0m[48;2;18;18;18m  [0m[38;2;0;255;0;48;2;18;18;18m│[0m[11;100H
[12;40H[38;2;0;255;0;48;2;18;18;18m│[0m[48;2;18;18;18m  [0m[48;2;18;18;18m                                                      [0m[48;2;18;18;18m  [0m[38;2;0;255;0;48;2;18;18;18m│[0m[12;100H
[13;40H[38;2;0;255;0;48;2;18;18;18m│[0m[48;2;18;18;18m  [0m[48;2;18;18;18m                                                      [0m[48;2;18;18;18m  [0m[38;2;0;255;0;48;2;18;18;18m│[0m[13;100H
[14;40H[38;2;0;255;0;48;2;18;18;18m│[0m[48;2;18;18;18m  [0m[48;2;18;18;18m                                                      [0m[48;2;18;18;18m  [0m[38;2;0;255;0;48;2;18;18;18m│[0m[14;100H
[15;40H[38;2;0;255;0;48;2;18;18;18m│[0m[48;2;18;18;18m  [0m[48;2;18;18;18m                                                      [0m[48;2;18;18;18m  [0m[38;2;0;255;0;48;2;18;18;18m│[0m[15;100H
[16;40H[38;2;0;255;0;48;2;18;18;18m│[0m[48;2;18;18;18m  [0m[48;2;18;18;18m                                                      [0m[48;2;18;18;18m  [0m[38;2;0;255;0;48;2;18;18;18m│[0m[16;100H
[17;40H[38;2;0;255;0;48;2;18;18;18m│[0m[48;2;18;18;18m  [0m[48;2;18;18;18m                                                      [0m[48;2;18;18;18m  [0m[38;2;0;255;0;48;2;18;18;18m│[0m[17;100H
[18;40H[38;2;0;255;0;48;2;18;18;18m│[0m[48;2;18;18;18m  [0m[48;2;18;18;18m                                                      [0m[48;2;18;18;18m  [0m[38;2;0;255;0;48;2;18;18;18m│[0m[18;100H
[19;40H[38;2;0;255;0;48;2;18;18;18m│[0m[48;2;18;18;18m  [0m[48;2;18;18;18m                                                      [0m[48;2;18;18;18m  [0m[38;2;0;255;0;48;2;18;18;18m│[0m[19;100H
[20;40H[38;2;0;255;0;48;2;18;18;18m│[0m[48;2;18;18;18m  [0m[48;2;18;18;18m                                                      [0m[48;2;18;18;18m  [0m[38;2;0;255;0;48;2;18;18;18m│[0m[20;100H
[21;40H[38;2;0;255;0;48;2;18;18;18m│[0m[48;2;18;18;18m  [0m[48;2;18;18;18m                                                      [0m[48;2;18;18;18m  [0m[38;2;0;255;0;48;2;18;18;18m│[0m[21;100H
[22;40H[38;2;0;255;0;48;2;18;18;18m│[0m[48;2;18;18;18m  [0m[48;2;18;18;18m                                                      [0m[48;2;18;18;18m  [0m[38;2;0;255;0;48;2;18;18;18m│[0m[22;100H
[23;40H[38;2;0;255;0;48;2;18;18;18m│[0m[48;2;18;18;18m  [0m[48;2;18;18;18m                                                      [0m[48;2;18;18;18m  [0m[38;2;0;255;0;48;2;18;18;18m│[0m[23;100H
[24;40H[38;2;0;255;0;48;2;18;18;18m│[0m[48;2;18;18;18m  [0m[48;2;18;18;18m                                                      [0m[48;2;18;18;18m  [0m[38;2;0;255;0;48;2;18;18;18m│[0m[24;100H
[25;40H[38;2;0;255;0;48;2;18;18;18m│[0m[48;2;18;18;18m  [0m[48;2;18;18;18m                                                      [0m[48;2;18;18;18m  [0m[38;2;0;255;0;48;2;18;18;18m│[0m[25;100H
[26;40H[38;2;0;255;0;48;2;18;18;18m│[0m[48;2;18;18;18m  [0m[48;2;18;18;18m                                                      [0m[48;2;18;18;18m  [0m[38;2;0;255;0;48;2;18;18;18m│[0m[26;100H
[27;40H[38;2;0;255;0;48;2;18;18;18m│[0m[48;2;18;18;18m  [0m[48;2;18;18;18m                                                      [0m[48;2;18;18;18m  [0m[38;2;0;255;0;48;2;18;18;18m│[0m[27;100H
[28;40H[38;2;0;255;0;48;2;18;18;18m│[0m[48;2;18;18;18m  [0m[48;2;18;18;18m                                                      [0m[48;2;18;18;18m  [0m[38;2;0;255;0;48;2;18;18;18m│[0m[28;100H
[29;40H[38;2;0;255;0;48;2;18;18;18m│[0m[48;2;18;18;18m  [0m[48;2;18;18;18m                                                      [0m[48;2;18;18;18m  [0m[38;2;0;255;0;48;2;18;18;18m│[0m[29;100H
[30;40H[38;2;0;255;0;48;2;18;18;18m│[0m[48;2;18;18;18m  [0m[48;2;18;18;18m                                                      [0m[48;2;18;18;18m  [0m[38;2;0;255;0;48;2;18;18;18m│[0m[30;100H
[31;40H[38;2;0;255;0;48;2;18;18;18m│[0m[48;2;18;18;18m  [0m[48;2;18;18;18m                                                      [0m[48;2;18;18;18m  [0m[38;2;0;255;0;48;2;18;18;18m│[0m[31;100H
[32;40H[38;2;0;255;0;48;2;18;18;18m│[0m[48;2;18;18;18m  [0m[48;2;18;18;18m                                                      [0m[48;2;18;18;18m  [0m[38;2;0;255;0;48;2;18;18;18m│[0m[32;100H
[33;40H[38;2;0;255;0;48;2;18;18;18m│[0m[48;2;18;18;18m                                                          [0m[38;2;0;255;0;48;2;18;18;18m│[0m[33;100H
[34;40H[38;2;0;255;0;48;2;18;18;18m╰[0m[38;2;0;255;0;48;2;18;18;18m──────────────────────────────────────────────────────────[0m[38;2;0;255;0;48;2;18;18;18m╯[0m[34;100H[1;1H[31;77H[38;2;78;191;113;48;2;52;63;73m▌[0m[48;2;52;63;73m                      [0m[31;100H[48;2;52;63;73m                                     [0m[31;137H
[32;77H[38;2;78;191;113;48;2;52;63;73m▌[0m[48;2;52;63;73m [0m[1;38;2;138;212;161;48;2;52;63;73mDo you want to quit?[0m[48;2;52;63;73m [0m[32;100H[48;2;52;63;73m                                    [0m[48;2;52;63;73m [0m[32;137H
[33;77H[38;2;78;191;113;48;2;52;63;73m▌[0m[48;2;52;63;73m [0m[38;2;224;224;224;48;2;52;63;73mPress [0m[1;38;2;224;224;224;48;2;52;63;73mctrl+q[0m[38;2;224;224;224;48;2;52;63;73m to quit [0m[33;100H[38;2;224;224;224;48;2;52;63;73mthe app[0m[48;2;52;63;73m                             [0m[48;2;52;63;73m [0m[33;137H
[34;77H[38;2;78;191;113;48;2;52;63;73m▌[0m[48;2;52;63;73m                      [0m[34;100H[48;2;52;63;73m                                     [0m[34;137H[1;1H[31;77H[38;2;78;191;113;48;2;52;63;73m▌[0m[48;2;52;63;73m                      [0m[31;100H[48;2;52;63;73m                                     [0m[31;137H
[32;77H[38;2;78;191;113;48;2;52;63;73m▌[0m[48;2;52;63;73m [0m[1;38;2;138;212;161;48;2;52;63;73mDo you want to quit?[0m[48;2;52;63;73m [0m[32;100H[48;2;52;63;73m                                    [0m[48;2;52;63;73m [0m[32;137H
[33;77H[38;2;78;191;113;48;2;52;63;73m▌[0m[48;2;52;63;73m [0m[38;2;224;224;224;48;2;52;63;73mPress [0m[1;38;2;224;224;224;48;2;52;63;73mctrl+q[0m[38;2;224;224;224;48;2;52;63;73m to quit [0m[33;100H[38;2;224;224;224;48;2;52;63;73mthe app[0m[48;2;52;63;73m                             [0m[48;2;52;63;73m [0m[33;137H
[34;77H[38;2;78;191;113;48;2;52;63;73m▌[0m[48;2;52;63;73m                      [0m[34;100H[48;2;52;63;73m                                     [0m[34;137H[1;1H[31;77H[38;2;78;191;113;48;2;52;63;73m▌[0m[48;2;52;63;73m                      [0m[31;100H[48;2;52;63;73m                                     [0m[31;137H
[32;77H[38;2;78;191;113;48;2;52;63;73m▌[0m[48;2;52;63;73m [0m[1;38;2;138;212;161;48;2;52;63;73mDo you want to quit?[0m[48;2;52;63;73m [0m[32;100H[48;2;52;63;73m                                    [0m[48;2;52;63;73m [0m[32;137H
[33;77H[38;2;78;191;113;48;2;52;63;73m▌[0m[48;2;52;63;73m [0m[38;2;224;224;224;48;2;52;63;73mPress [0m[1;38;2;224;224;224;48;2;52;63;73mctrl+q[0m[38;2;224;224;224;48;2;52;63;73m to quit [0m[33;100H[38;2;224;224;224;48;2;52;63;73mthe app[0m[48;2;52;63;73m                             [0m[48;2;52;63;73m [0m[33;137H
[34;77H[38;2;78;191;113;48;2;52;63;73m▌[0m[48;2;52;63;73m                      [0m[34;100H[48;2;52;63;73m                                     [0m[34;137H[1;1H[31;77H[38;2;78;191;113;48;2;52;63;73m▌[0m[48;2;52;63;73m                      [0m[31;100H[48;2;52;63;73m                                     [0m[31;137H
[32;77H[38;2;78;191;113;48;2;52;63;73m▌[0m[48;2;52;63;73m [0m[1;38;2;138;212;161;48;2;52;63;73mDo you want to quit?[0m[48;2;52;63;73m [0m[32;100H[48;2;52;63;73m                                    [0m[48;2;52;63;73m [0m[32;137H
[33;77H[38;2;78;191;113;48;2;52;63;73m▌[0m[48;2;52;63;73m [0m[38;2;224;224;224;48;2;52;63;73mPress [0m[1;38;2;224;224;224;48;2;52;63;73mctrl+q[0m[38;2;224;224;224;48;2;52;63;73m to quit [0m[33;100H[38;2;224;224;224;48;2;52;63;73mthe app[0m[48;2;52;63;73m                             [0m[48;2;52;63;73m [0m[33;137H
[34;77H[38;2;78;191;113;48;2;52;63;73m▌[0m[48;2;52;63;73m                      [0m[34;100H[48;2;52;63;73m                                     [0m[34;137H[1;1H[31;77H[38;2;78;191;113;48;2;52;63;73m▌[0m[48;2;52;63;73m                      [0m[31;100H[48;2;52;63;73m                                     [0m[31;137H
[32;77H[38;2;78;191;113;48;2;52;63;73m▌[0m[48;2;52;63;73m [0m[1;38;2;138;212;161;48;2;52;63;73mDo you want to quit?[0m[48;2;52;63;73m [0m[32;100H[48;2;52;63;73m                                    [0m[48;2;52;63;73m [0m[32;137H
[33;77H[38;2;78;191;113;48;2;52;63;73m▌[0m[48;2;52;63;73m [0m[38;2;224;224;224;48;2;52;63;73mPress [0m[1;38;2;224;224;224;48;2;52;63;73mctrl+q[0m[38;2;224;224;224;48;2;52;63;73m to quit [0m[33;100H[38;2;224;224;224;48;2;52;63;73mthe app[0m[48;2;52;63;73m                             [0m[48;2;52;63;73m [0m[33;137H
[34;77H[38;2;78;191;113;48;2;52;63;73m▌[0m[48;2;52;63;73m                      [0m[34;100H[48;2;52;63;73m                                     [0m[34;137H[1;1H[11;40H[38;2;0;255;0;48;2;18;18;18m│[0m[48;2;18;18;18m  [0m[48;2;18;18;18m                                                      [0m[48;2;18;18;18m  [0m[38;2;0;255;0;48;2;18;18;18m│[0m[11;100H[48;2;18;18;18m                                     [0m
[12;40H[38;2;0;255;0;48;2;18;18;18m│[0m[48;2;18;18;18m  [0m[48;2;18;18;18m                                                      [0m[48;2;18;18;18m  [0m[38;2;0;255;0;48;2;18;18;18m│[0m[12;100H[48;2;18;18;18m                                     [0m
[13;40H[38;2;0;255;0;48;2;18;18;18m│[0m[48;2;18;18;18m  [0m[48;2;18;18;18m                                                      [0m[48;2;18;18;18m  [0m[38;2;0;255;0;48;2;18;18;18m│[0m[13;100H[48;2;18;18;18m                                     [0m
[14;40H[38;2;0;255;0;48;2;18;18;18m│[0m[48;2;18;18;18m  [0m[48;2;18;18;18m                                                      [0m[48;2;18;18;18m  [0m[38;2;0;255;0;48;2;18;18;18m│[0m[14;100H[48;2;18;18;18m                                     [0m[1;1H[16;40H[38;2;0;255;0;48;2;18;18;18m│[0m[48;2;18;18;18m  [0m[48;2;18;18;18m                                                      [0m[48;2;18;18;18m  [0m[38;2;0;255;0;48;2;18;18;18m│[0m[16;100H[48;2;18;18;18m                                     [0m
[17;40H[38;2;0;255;0;48;2;18;18;18m│[0m[48;2;18;18;18m  [0m[48;2;18;18;18m                                                      [0m[48;2;18;18;18m  [0m[38;2;0;255;0;48;2;18;18;18m│[0m[17;100H[48;2;18;18;18m                                     [0m
[18;40H[38;2;0;255;0;48;2;18;18;18m│[0m[48;2;18;18;18m  [0m[48;2;18;18;18m                                                      [0m[48;2;18;18;18m  [0m[38;2;0;255;0;48;2;18;18;18m│[0m[18;100H[48;2;18;18;18m                                     [0m
[19;40H[38;2;0;255;0;48;2;18;18;18m│[0m[48;2;18;18;18m  [0m[48;2;18;18;18m                                                      [0m[48;2;18;18;18m  [0m[38;2;0;255;0;48;2;18;18;18m│[0m[19;100H[48;2;18;18;18m                                     [0m[1;1H